EBEN_train parameters: 
	workspace: /Users/jchen67/Experiment/ShiLab_securityCode/EpiMap/upload_data/userid_1/jobid_1 
	x_filename: bc_x.txt 
	y_filename: bc_y.txt 
[1] "x size: (233, 1046)"
[1] "y size: (233, 1)"
Transform pathological stages into natural log values 
Filter the miRNA data with more than 20% missing data 
Quantile normalization 
Main effect estimated using EBEN 
EB-Elastic Net Linear Model, Epis:  no ; 5 fold cross-validation
Testing alpha 1 / 20 :		alpha:  1 
	Testing step 1 		lambda:  1.628396 	sum squre error 8.426898 
	Testing step 2 		lambda:  1.132049 	sum squre error 9.590004 
Testing alpha 2 / 20 :		alpha:  0.95 
	Testing step 3 		lambda:  1.628396 	sum squre error 8.391089 
	Testing step 4 		lambda:  1.132049 	sum squre error 9.545855 
Testing alpha 3 / 20 :		alpha:  0.9 
	Testing step 5 		lambda:  1.628396 	sum squre error 8.37281 
	Testing step 6 		lambda:  1.132049 	sum squre error 9.606795 
Testing alpha 4 / 20 :		alpha:  0.85 
	Testing step 7 		lambda:  1.628396 	sum squre error 8.329169 
	Testing step 8 		lambda:  1.132049 	sum squre error 9.490352 
Testing alpha 5 / 20 :		alpha:  0.8 
	Testing step 9 		lambda:  1.628396 	sum squre error 8.354358 
	Testing step 10 		lambda:  1.132049 	sum squre error 9.492479 
Testing alpha 6 / 20 :		alpha:  0.75 
	Testing step 11 		lambda:  1.628396 	sum squre error 8.326621 
	Testing step 12 		lambda:  1.132049 	sum squre error 9.363748 
Testing alpha 7 / 20 :		alpha:  0.7 
	Testing step 13 		lambda:  1.628396 	sum squre error 8.308968 
	Testing step 14 		lambda:  1.132049 	sum squre error 9.392816 
Testing alpha 8 / 20 :		alpha:  0.65 
	Testing step 15 		lambda:  1.628396 	sum squre error 8.294694 
	Testing step 16 		lambda:  1.132049 	sum squre error 9.351775 
Testing alpha 9 / 20 :		alpha:  0.6 
	Testing step 17 		lambda:  1.628396 	sum squre error 8.285787 
	Testing step 18 		lambda:  1.132049 	sum squre error 9.362506 
Testing alpha 10 / 20 :		alpha:  0.55 
	Testing step 19 		lambda:  1.628396 	sum squre error 8.293665 
	Testing step 20 		lambda:  1.132049 	sum squre error 9.363279 
Testing alpha 11 / 20 :		alpha:  0.5 
	Testing step 21 		lambda:  1.628396 	sum squre error 8.300375 
	Testing step 22 		lambda:  1.132049 	sum squre error 9.302599 
Testing alpha 12 / 20 :		alpha:  0.45 
	Testing step 23 		lambda:  1.628396 	sum squre error 8.297679 
	Testing step 24 		lambda:  1.132049 	sum squre error 9.347914 
Testing alpha 13 / 20 :		alpha:  0.4 
	Testing step 25 		lambda:  1.628396 	sum squre error 8.302633 
	Testing step 26 		lambda:  1.132049 	sum squre error 9.313082 
Testing alpha 14 / 20 :		alpha:  0.35 
	Testing step 27 		lambda:  1.628396 	sum squre error 8.316235 
	Testing step 28 		lambda:  1.132049 	sum squre error 9.392893 
Testing alpha 15 / 20 :		alpha:  0.3 
	Testing step 29 		lambda:  1.628396 	sum squre error 8.330139 
	Testing step 30 		lambda:  1.132049 	sum squre error 9.352396 
Testing alpha 16 / 20 :		alpha:  0.25 
	Testing step 31 		lambda:  1.628396 	sum squre error 8.422735 
	Testing step 32 		lambda:  1.132049 	sum squre error 9.368508 
Testing alpha 17 / 20 :		alpha:  0.2 
	Testing step 33 		lambda:  1.628396 	sum squre error 8.425491 
	Testing step 34 		lambda:  1.132049 	sum squre error 9.460124 
Testing alpha 18 / 20 :		alpha:  0.15 
	Testing step 35 		lambda:  1.628396 	sum squre error 8.430645 
	Testing step 36 		lambda:  1.132049 	sum squre error 9.560275 
Testing alpha 19 / 20 :		alpha:  0.1 
	Testing step 37 		lambda:  1.628396 	sum squre error 8.522923 
	Testing step 38 		lambda:  1.132049 	sum squre error 9.582247 
Testing alpha 20 / 20 :		alpha:  0.05 
	Testing step 39 		lambda:  1.628396 	sum squre error 8.634077 
	Testing step 40 		lambda:  1.132049 	sum squre error 9.674383 
Substract the main effect 
Epistatic effect estimated using EBEN 
EB-Elastic Net Linear Model, Epis:  yes ; 5 fold cross-validation
Testing alpha 1 / 20 :		alpha:  1 
	Testing step 1 		lambda:  14.13988 	sum squre error 10.1261 
	Testing step 2 		lambda:  9.829941 	sum squre error 9.718306 
	Testing step 3 		lambda:  6.833704 	sum squre error 9.245071 
	Testing step 4 		lambda:  4.750742 	sum squre error 10.90716 
Testing alpha 2 / 20 :		alpha:  0.95 
	Testing step 5 		lambda:  14.13988 	sum squre error 9.178176 
	Testing step 6 		lambda:  9.829941 	sum squre error 10.02069 
Testing alpha 3 / 20 :		alpha:  0.9 
	Testing step 7 		lambda:  14.13988 	sum squre error 9.66387 
	Testing step 8 		lambda:  9.829941 	sum squre error 9.723893 
	Testing step 9 		lambda:  6.833704 	sum squre error 10.52099 
	Testing step 10 		lambda:  4.750742 	sum squre error 9.939851 
	Testing step 11 		lambda:  3.302681 	sum squre error 9.668784 
	Testing step 12 		lambda:  2.296 	sum squre error 11.12162 
Testing alpha 4 / 20 :		alpha:  0.85 
	Testing step 13 		lambda:  14.13988 	sum squre error 9.50901 
	Testing step 14 		lambda:  9.829941 	sum squre error 10.41038 
Testing alpha 5 / 20 :		alpha:  0.8 
	Testing step 15 		lambda:  14.13988 	sum squre error 9.886092 
	Testing step 16 		lambda:  9.829941 	sum squre error 10.64962 
	Testing step 17 		lambda:  6.833704 	sum squre error 10.17302 
	Testing step 18 		lambda:  4.750742 	sum squre error 9.691366 
	Testing step 19 		lambda:  3.302681 	sum squre error 10.50125 
	Testing step 20 		lambda:  2.296 	sum squre error 11.0045 
Testing alpha 6 / 20 :		alpha:  0.75 
	Testing step 21 		lambda:  14.13988 	sum squre error 8.749331 
	Testing step 22 		lambda:  9.829941 	sum squre error 8.960945 
	Testing step 23 		lambda:  6.833704 	sum squre error 11.14956 
Testing alpha 7 / 20 :		alpha:  0.7 
	Testing step 24 		lambda:  14.13988 	sum squre error 8.389835 
	Testing step 25 		lambda:  9.829941 	sum squre error 10.29534 
Testing alpha 8 / 20 :		alpha:  0.65 
	Testing step 26 		lambda:  14.13988 	sum squre error 9.76729 
	Testing step 27 		lambda:  9.829941 	sum squre error 8.910622 
	Testing step 28 		lambda:  6.833704 	sum squre error 10.77807 
Testing alpha 9 / 20 :		alpha:  0.6 
	Testing step 29 		lambda:  14.13988 	sum squre error 8.919935 
	Testing step 30 		lambda:  9.829941 	sum squre error 8.991292 
	Testing step 31 		lambda:  6.833704 	sum squre error 10.73434 
Testing alpha 10 / 20 :		alpha:  0.55 
	Testing step 32 		lambda:  14.13988 	sum squre error 7.922729 
	Testing step 33 		lambda:  9.829941 	sum squre error 9.036321 
Testing alpha 11 / 20 :		alpha:  0.5 
	Testing step 34 		lambda:  14.13988 	sum squre error 8.896392 
	Testing step 35 		lambda:  9.829941 	sum squre error 10.36783 
Testing alpha 12 / 20 :		alpha:  0.45 
	Testing step 36 		lambda:  14.13988 	sum squre error 9.059169 
	Testing step 37 		lambda:  9.829941 	sum squre error 9.633997 
Testing alpha 13 / 20 :		alpha:  0.4 
	Testing step 38 		lambda:  14.13988 	sum squre error 8.912731 
	Testing step 39 		lambda:  9.829941 	sum squre error 10.40882 
Testing alpha 14 / 20 :		alpha:  0.35 
	Testing step 40 		lambda:  14.13988 	sum squre error 8.771446 
	Testing step 41 		lambda:  9.829941 	sum squre error 9.106258 
	Testing step 42 		lambda:  6.833704 	sum squre error 9.551881 
	Testing step 43 		lambda:  4.750742 	sum squre error 10.46868 
Testing alpha 15 / 20 :		alpha:  0.3 
	Testing step 44 		lambda:  14.13988 	sum squre error 9.267885 
	Testing step 45 		lambda:  9.829941 	sum squre error 8.57654 
	Testing step 46 		lambda:  6.833704 	sum squre error 10.4023 
Testing alpha 16 / 20 :		alpha:  0.25 
	Testing step 47 		lambda:  14.13988 	sum squre error 8.533804 
	Testing step 48 		lambda:  9.829941 	sum squre error 8.381164 
	Testing step 49 		lambda:  6.833704 	sum squre error 10.73737 
Testing alpha 17 / 20 :		alpha:  0.2 
	Testing step 50 		lambda:  14.13988 	sum squre error 8.663828 
	Testing step 51 		lambda:  9.829941 	sum squre error 8.567276 
	Testing step 52 		lambda:  6.833704 	sum squre error 10.91482 
Testing alpha 18 / 20 :		alpha:  0.15 
	Testing step 53 		lambda:  14.13988 	sum squre error 8.508563 
	Testing step 54 		lambda:  9.829941 	sum squre error 8.054764 
	Testing step 55 		lambda:  6.833704 	sum squre error 10.44445 
Testing alpha 19 / 20 :		alpha:  0.1 
	Testing step 56 		lambda:  14.13988 	sum squre error 8.176464 
	Testing step 57 		lambda:  9.829941 	sum squre error 8.885729 
Testing alpha 20 / 20 :		alpha:  0.05 
	Testing step 58 		lambda:  14.13988 	sum squre error 8.590724 
	Testing step 59 		lambda:  9.829941 	sum squre error 9.013723 
	Testing step 60 		lambda:  6.833704 	sum squre error 9.328874 
Final run 
EB-Elastic Net Linear Model, Epis:  no ; 5 fold cross-validation
Testing alpha 1 / 20 :		alpha:  1 
	Testing step 1 		lambda:  2.682168 	sum squre error 1.399419 
	Testing step 2 		lambda:  1.864624 	sum squre error 1.420209 
	Testing step 3 		lambda:  1.296273 	sum squre error 1.494817 
Testing alpha 2 / 20 :		alpha:  0.95 
	Testing step 4 		lambda:  2.682168 	sum squre error 1.42644 
	Testing step 5 		lambda:  1.864624 	sum squre error 1.421077 
	Testing step 6 		lambda:  1.296273 	sum squre error 1.531559 
Testing alpha 3 / 20 :		alpha:  0.9 
	Testing step 7 		lambda:  2.682168 	sum squre error 1.373917 
	Testing step 8 		lambda:  1.864624 	sum squre error 1.526959 
Testing alpha 4 / 20 :		alpha:  0.85 
	Testing step 9 		lambda:  2.682168 	sum squre error 1.32222 
	Testing step 10 		lambda:  1.864624 	sum squre error 1.478095 
Testing alpha 5 / 20 :		alpha:  0.8 
	Testing step 11 		lambda:  2.682168 	sum squre error 1.412601 
	Testing step 12 		lambda:  1.864624 	sum squre error 1.506102 
	Testing step 13 		lambda:  1.296273 	sum squre error 1.473689 
	Testing step 14 		lambda:  0.9011598 	sum squre error 1.634576 
Testing alpha 6 / 20 :		alpha:  0.75 
	Testing step 15 		lambda:  2.682168 	sum squre error 1.333165 
	Testing step 16 		lambda:  1.864624 	sum squre error 1.50562 
Testing alpha 7 / 20 :		alpha:  0.7 
	Testing step 17 		lambda:  2.682168 	sum squre error 1.358754 
	Testing step 18 		lambda:  1.864624 	sum squre error 1.4946 
Testing alpha 8 / 20 :		alpha:  0.65 
	Testing step 19 		lambda:  2.682168 	sum squre error 1.318229 
	Testing step 20 		lambda:  1.864624 	sum squre error 1.466993 
Testing alpha 9 / 20 :		alpha:  0.6 
	Testing step 21 		lambda:  2.682168 	sum squre error 1.360812 
	Testing step 22 		lambda:  1.864624 	sum squre error 1.441925 
	Testing step 23 		lambda:  1.296273 	sum squre error 1.429468 
	Testing step 24 		lambda:  0.9011598 	sum squre error 1.56385 
Testing alpha 10 / 20 :		alpha:  0.55 
	Testing step 25 		lambda:  2.682168 	sum squre error 1.298599 
	Testing step 26 		lambda:  1.864624 	sum squre error 1.463816 
Testing alpha 11 / 20 :		alpha:  0.5 
	Testing step 27 		lambda:  2.682168 	sum squre error 1.295604 
	Testing step 28 		lambda:  1.864624 	sum squre error 1.522611 
Testing alpha 12 / 20 :		alpha:  0.45 
	Testing step 29 		lambda:  2.682168 	sum squre error 1.351786 
	Testing step 30 		lambda:  1.864624 	sum squre error 1.43077 
	Testing step 31 		lambda:  1.296273 	sum squre error 1.500425 
Testing alpha 13 / 20 :		alpha:  0.4 
	Testing step 32 		lambda:  2.682168 	sum squre error 1.282151 
	Testing step 33 		lambda:  1.864624 	sum squre error 1.40992 
Testing alpha 14 / 20 :		alpha:  0.35 
	Testing step 34 		lambda:  2.682168 	sum squre error 1.344018 
	Testing step 35 		lambda:  1.864624 	sum squre error 1.451187 
Testing alpha 15 / 20 :		alpha:  0.3 
	Testing step 36 		lambda:  2.682168 	sum squre error 1.313348 
	Testing step 37 		lambda:  1.864624 	sum squre error 1.500075 
Testing alpha 16 / 20 :		alpha:  0.25 
	Testing step 38 		lambda:  2.682168 	sum squre error 1.37162 
	Testing step 39 		lambda:  1.864624 	sum squre error 1.496172 
Testing alpha 17 / 20 :		alpha:  0.2 
	Testing step 40 		lambda:  2.682168 	sum squre error 1.321406 
	Testing step 41 		lambda:  1.864624 	sum squre error 1.517776 
Testing alpha 18 / 20 :		alpha:  0.15 
	Testing step 42 		lambda:  2.682168 	sum squre error 1.396166 
	Testing step 43 		lambda:  1.864624 	sum squre error 1.518061 
	Testing step 44 		lambda:  1.296273 	sum squre error 1.430026 
	Testing step 45 		lambda:  0.9011598 	sum squre error 1.679671 
Testing alpha 19 / 20 :		alpha:  0.1 
	Testing step 46 		lambda:  2.682168 	sum squre error 1.366526 
	Testing step 47 		lambda:  1.864624 	sum squre error 1.557218 
Testing alpha 20 / 20 :		alpha:  0.05 
	Testing step 48 		lambda:  2.682168 	sum squre error 1.376714 
	Testing step 49 		lambda:  1.864624 	sum squre error 1.450241 
	Testing step 50 		lambda:  1.296273 	sum squre error 1.488097 
Ouput the final result including main and epistatic effect 
Generate nodes and links json file 
Done!