EBEN_train parameters: 
	workspace: /Users/jchen67/Experiment/ShiLab_securityCode/EpiMap/upload_data/userid_1/jobid_12 
	x_filename: yeast_x.txt 
	y_filename: yeast_y.txt 
	nFolds: 5 
	seed: 28213 
[1] "x size: (150, 283)"
[1] "y size: (150, 1)"
Transform pathological stages into natural log values 
Filter the miRNA data with more than 20% missing data 
Quantile normalization 
Main effect estimated using EBEN 
EB-Elastic Net Linear Model, Epis:  no ; 5 fold cross-validation
Testing alpha 1 / 20 :		alpha:  1 
	Testing step 1 		lambda:  4.213412 	sum squre error 0.3029791 
	Testing step 2 		lambda:  2.929133 	sum squre error 0.2915914 
	Testing step 3 		lambda:  2.036312 	sum squre error 0.3137094 
Testing alpha 2 / 20 :		alpha:  0.95 
	Testing step 4 		lambda:  4.213412 	sum squre error 0.3355355 
	Testing step 5 		lambda:  2.929133 	sum squre error 0.2705677 
	Testing step 6 		lambda:  2.036312 	sum squre error 0.3169039 
Testing alpha 3 / 20 :		alpha:  0.9 
	Testing step 7 		lambda:  4.213412 	sum squre error 0.3418199 
	Testing step 8 		lambda:  2.929133 	sum squre error 0.2977686 
	Testing step 9 		lambda:  2.036312 	sum squre error 0.3434125 
Testing alpha 4 / 20 :		alpha:  0.85 
	Testing step 10 		lambda:  4.213412 	sum squre error 0.3146007 
	Testing step 11 		lambda:  2.929133 	sum squre error 0.3008851 
	Testing step 12 		lambda:  2.036312 	sum squre error 0.3060928 
	Testing step 13 		lambda:  1.41563 	sum squre error 0.3191039 
	Testing step 14 		lambda:  0.9841356 	sum squre error 0.3352425 
Testing alpha 5 / 20 :		alpha:  0.8 
	Testing step 15 		lambda:  4.213412 	sum squre error 0.343087 
	Testing step 16 		lambda:  2.929133 	sum squre error 0.3023627 
	Testing step 17 		lambda:  2.036312 	sum squre error 0.3041856 
	Testing step 18 		lambda:  1.41563 	sum squre error 0.2928124 
	Testing step 19 		lambda:  0.9841356 	sum squre error 0.3565292 
Testing alpha 6 / 20 :		alpha:  0.75 
	Testing step 20 		lambda:  4.213412 	sum squre error 0.3035197 
	Testing step 21 		lambda:  2.929133 	sum squre error 0.2652457 
	Testing step 22 		lambda:  2.036312 	sum squre error 0.2873539 
Testing alpha 7 / 20 :		alpha:  0.7 
	Testing step 23 		lambda:  4.213412 	sum squre error 0.3315516 
	Testing step 24 		lambda:  2.929133 	sum squre error 0.3043275 
	Testing step 25 		lambda:  2.036312 	sum squre error 0.2810902 
	Testing step 26 		lambda:  1.41563 	sum squre error 0.3189448 
Testing alpha 8 / 20 :		alpha:  0.65 
	Testing step 27 		lambda:  4.213412 	sum squre error 0.3078391 
	Testing step 28 		lambda:  2.929133 	sum squre error 0.2670076 
	Testing step 29 		lambda:  2.036312 	sum squre error 0.3032866 
Testing alpha 9 / 20 :		alpha:  0.6 
	Testing step 30 		lambda:  4.213412 	sum squre error 0.2877502 
	Testing step 31 		lambda:  2.929133 	sum squre error 0.2655477 
	Testing step 32 		lambda:  2.036312 	sum squre error 0.3135887 
Testing alpha 10 / 20 :		alpha:  0.55 
	Testing step 33 		lambda:  4.213412 	sum squre error 0.2880155 
	Testing step 34 		lambda:  2.929133 	sum squre error 0.3088914 
	Testing step 35 		lambda:  2.036312 	sum squre error 0.2842515 
	Testing step 36 		lambda:  1.41563 	sum squre error 0.3365521 
Testing alpha 11 / 20 :		alpha:  0.5 
	Testing step 37 		lambda:  4.213412 	sum squre error 0.2947786 
	Testing step 38 		lambda:  2.929133 	sum squre error 0.2946126 
	Testing step 39 		lambda:  2.036312 	sum squre error 0.302324 
	Testing step 40 		lambda:  1.41563 	sum squre error 0.3409375 
Testing alpha 12 / 20 :		alpha:  0.45 
	Testing step 41 		lambda:  4.213412 	sum squre error 0.2831076 
	Testing step 42 		lambda:  2.929133 	sum squre error 0.2724362 
	Testing step 43 		lambda:  2.036312 	sum squre error 0.3157831 
Testing alpha 13 / 20 :		alpha:  0.4 
	Testing step 44 		lambda:  4.213412 	sum squre error 0.2556167 
	Testing step 45 		lambda:  2.929133 	sum squre error 0.2968105 
Testing alpha 14 / 20 :		alpha:  0.35 
	Testing step 46 		lambda:  4.213412 	sum squre error 0.2792485 
	Testing step 47 		lambda:  2.929133 	sum squre error 0.3354273 
Testing alpha 15 / 20 :		alpha:  0.3 
	Testing step 48 		lambda:  4.213412 	sum squre error 0.2861323 
	Testing step 49 		lambda:  2.929133 	sum squre error 0.3201217 
Testing alpha 16 / 20 :		alpha:  0.25 
	Testing step 50 		lambda:  4.213412 	sum squre error 0.317037 
	Testing step 51 		lambda:  2.929133 	sum squre error 0.3116019 
	Testing step 52 		lambda:  2.036312 	sum squre error 0.336022 
	Testing step 53 		lambda:  1.41563 	sum squre error 0.3475813 
Testing alpha 17 / 20 :		alpha:  0.2 
	Testing step 54 		lambda:  4.213412 	sum squre error 0.2898707 
	Testing step 55 		lambda:  2.929133 	sum squre error 0.3123704 
Testing alpha 18 / 20 :		alpha:  0.15 
	Testing step 56 		lambda:  4.213412 	sum squre error 0.2659331 
	Testing step 57 		lambda:  2.929133 	sum squre error 0.2896883 
Testing alpha 19 / 20 :		alpha:  0.1 
	Testing step 58 		lambda:  4.213412 	sum squre error 0.3017085 
	Testing step 59 		lambda:  2.929133 	sum squre error 0.3197876 
	Testing step 60 		lambda:  2.036312 	sum squre error 0.3376136 
Testing alpha 20 / 20 :		alpha:  0.05 
	Testing step 61 		lambda:  4.213412 	sum squre error 0.30961 
	Testing step 62 		lambda:  2.929133 	sum squre error 0.2950504 
	Testing step 63 		lambda:  2.036312 	sum squre error 0.3454311 
Substract the main effect 
Epistatic effect estimated using EBEN 
EB-Elastic Net Linear Model, Epis:  yes ; 5 fold cross-validation
Testing alpha 1 / 20 :		alpha:  1 
	Testing step 1 		lambda:  6.527783 	sum squre error 5.082236e-05 
	Testing step 2 		lambda:  4.538068 	sum squre error 5.082253e-05 
	Testing step 3 		lambda:  3.154832 	sum squre error 5.08226e-05 
	Testing step 4 		lambda:  2.193216 	sum squre error 5.082237e-05 
	Testing step 5 		lambda:  1.524708 	sum squre error 5.082238e-05 
	Testing step 6 		lambda:  1.059966 	sum squre error 5.082261e-05 
	Testing step 7 		lambda:  0.7368808 	sum squre error 5.082238e-05 
	Testing step 8 		lambda:  0.5122743 	sum squre error 5.082261e-05 
	Testing step 9 		lambda:  0.3561294 	sum squre error 5.082238e-05 
	Testing step 10 		lambda:  0.2475786 	sum squre error 5.082238e-05 
	Testing step 11 		lambda:  0.1721148 	sum squre error 5.082231e-05 
	Testing step 12 		lambda:  0.119653 	sum squre error 5.082238e-05 
	Testing step 13 		lambda:  0.0831819 	sum squre error 5.082231e-05 
	Testing step 14 		lambda:  0.05782746 	sum squre error 5.082261e-05 
	Testing step 15 		lambda:  0.04020123 	sum squre error 5.082239e-05 
	Testing step 16 		lambda:  0.02794761 	sum squre error 5.082261e-05 
	Testing step 17 		lambda:  0.01942898 	sum squre error 5.082254e-05 
	Testing step 18 		lambda:  0.01350688 	sum squre error 5.082254e-05 
	Testing step 19 		lambda:  0.009389888 	sum squre error 5.082261e-05 
	Testing step 20 		lambda:  0.006527783 	sum squre error 5.082261e-05 
Testing alpha 2 / 20 :		alpha:  0.95 
	Testing step 21 		lambda:  6.527783 	sum squre error 5.082236e-05 
	Testing step 22 		lambda:  4.538068 	sum squre error 5.082259e-05 
	Testing step 23 		lambda:  3.154832 	sum squre error 5.08226e-05 
	Testing step 24 		lambda:  2.193216 	sum squre error 5.082261e-05 
	Testing step 25 		lambda:  1.524708 	sum squre error 5.082231e-05 
	Testing step 26 		lambda:  1.059966 	sum squre error 5.082261e-05 
	Testing step 27 		lambda:  0.7368808 	sum squre error 5.082231e-05 
	Testing step 28 		lambda:  0.5122743 	sum squre error 5.082238e-05 
	Testing step 29 		lambda:  0.3561294 	sum squre error 5.082254e-05 
	Testing step 30 		lambda:  0.2475786 	sum squre error 5.082261e-05 
	Testing step 31 		lambda:  0.1721148 	sum squre error 5.082254e-05 
	Testing step 32 		lambda:  0.119653 	sum squre error 5.082261e-05 
	Testing step 33 		lambda:  0.0831819 	sum squre error 5.082262e-05 
	Testing step 34 		lambda:  0.05782746 	sum squre error 5.082254e-05 
	Testing step 35 		lambda:  0.04020123 	sum squre error 5.082261e-05 
	Testing step 36 		lambda:  0.02794761 	sum squre error 5.082261e-05 
	Testing step 37 		lambda:  0.01942898 	sum squre error 5.082262e-05 
	Testing step 38 		lambda:  0.01350688 	sum squre error 5.082239e-05 
	Testing step 39 		lambda:  0.009389888 	sum squre error 5.082262e-05 
	Testing step 40 		lambda:  0.006527783 	sum squre error 5.082239e-05 
Testing alpha 3 / 20 :		alpha:  0.9 
	Testing step 41 		lambda:  6.527783 	sum squre error 5.082259e-05 
	Testing step 42 		lambda:  4.538068 	sum squre error 5.08226e-05 
	Testing step 43 		lambda:  3.154832 	sum squre error 5.08226e-05 
	Testing step 44 		lambda:  2.193216 	sum squre error 5.082261e-05 
	Testing step 45 		lambda:  1.524708 	sum squre error 5.082261e-05 
	Testing step 46 		lambda:  1.059966 	sum squre error 5.082238e-05 
	Testing step 47 		lambda:  0.7368808 	sum squre error 5.082238e-05 
	Testing step 48 		lambda:  0.5122743 	sum squre error 5.082238e-05 
	Testing step 49 		lambda:  0.3561294 	sum squre error 5.082261e-05 
	Testing step 50 		lambda:  0.2475786 	sum squre error 5.082231e-05 
	Testing step 51 		lambda:  0.1721148 	sum squre error 5.082261e-05 
	Testing step 52 		lambda:  0.119653 	sum squre error 5.082239e-05 
	Testing step 53 		lambda:  0.0831819 	sum squre error 5.082261e-05 
	Testing step 54 		lambda:  0.05782746 	sum squre error 5.082262e-05 
	Testing step 55 		lambda:  0.04020123 	sum squre error 5.082262e-05 
	Testing step 56 		lambda:  0.02794761 	sum squre error 5.082254e-05 
	Testing step 57 		lambda:  0.01942898 	sum squre error 5.082254e-05 
	Testing step 58 		lambda:  0.01350688 	sum squre error 5.082262e-05 
	Testing step 59 		lambda:  0.009389888 	sum squre error 5.082261e-05 
	Testing step 60 		lambda:  0.006527783 	sum squre error 5.082239e-05 
Testing alpha 4 / 20 :		alpha:  0.85 
	Testing step 61 		lambda:  6.527783 	sum squre error 5.082259e-05 
	Testing step 62 		lambda:  4.538068 	sum squre error 5.08226e-05 
	Testing step 63 		lambda:  3.154832 	sum squre error 5.082237e-05 
	Testing step 64 		lambda:  2.193216 	sum squre error 5.082238e-05 
	Testing step 65 		lambda:  1.524708 	sum squre error 5.082254e-05 
	Testing step 66 		lambda:  1.059966 	sum squre error 5.082261e-05 
	Testing step 67 		lambda:  0.7368808 	sum squre error 5.082261e-05 
	Testing step 68 		lambda:  0.5122743 	sum squre error 5.082261e-05 
	Testing step 69 		lambda:  0.3561294 	sum squre error 5.082238e-05 
	Testing step 70 		lambda:  0.2475786 	sum squre error 5.082239e-05 
	Testing step 71 		lambda:  0.1721148 	sum squre error 5.082238e-05 
	Testing step 72 		lambda:  0.119653 	sum squre error 5.082262e-05 
	Testing step 73 		lambda:  0.0831819 	sum squre error 5.082262e-05 
	Testing step 74 		lambda:  0.05782746 	sum squre error 5.082261e-05 
	Testing step 75 		lambda:  0.04020123 	sum squre error 5.082262e-05 
	Testing step 76 		lambda:  0.02794761 	sum squre error 5.082261e-05 
	Testing step 77 		lambda:  0.01942898 	sum squre error 5.082261e-05 
	Testing step 78 		lambda:  0.01350688 	sum squre error 5.082261e-05 
	Testing step 79 		lambda:  0.009389888 	sum squre error 5.082231e-05 
	Testing step 80 		lambda:  0.006527783 	sum squre error 5.082261e-05 
Testing alpha 5 / 20 :		alpha:  0.8 
	Testing step 81 		lambda:  6.527783 	sum squre error 5.082259e-05 
	Testing step 82 		lambda:  4.538068 	sum squre error 5.08226e-05 
	Testing step 83 		lambda:  3.154832 	sum squre error 5.08226e-05 
	Testing step 84 		lambda:  2.193216 	sum squre error 5.082261e-05 
	Testing step 85 		lambda:  1.524708 	sum squre error 5.082261e-05 
	Testing step 86 		lambda:  1.059966 	sum squre error 5.082261e-05 
	Testing step 87 		lambda:  0.7368808 	sum squre error 5.082261e-05 
	Testing step 88 		lambda:  0.5122743 	sum squre error 5.082261e-05 
	Testing step 89 		lambda:  0.3561294 	sum squre error 5.082261e-05 
	Testing step 90 		lambda:  0.2475786 	sum squre error 5.082261e-05 
	Testing step 91 		lambda:  0.1721148 	sum squre error 5.082231e-05 
	Testing step 92 		lambda:  0.119653 	sum squre error 5.082239e-05 
	Testing step 93 		lambda:  0.0831819 	sum squre error 5.082261e-05 
	Testing step 94 		lambda:  0.05782746 	sum squre error 5.082254e-05 
	Testing step 95 		lambda:  0.04020123 	sum squre error 5.082261e-05 
	Testing step 96 		lambda:  0.02794761 	sum squre error 5.082254e-05 
	Testing step 97 		lambda:  0.01942898 	sum squre error 5.082262e-05 
	Testing step 98 		lambda:  0.01350688 	sum squre error 5.082254e-05 
	Testing step 99 		lambda:  0.009389888 	sum squre error 5.082238e-05 
	Testing step 100 		lambda:  0.006527783 	sum squre error 5.082262e-05 
Testing alpha 6 / 20 :		alpha:  0.75 
	Testing step 101 		lambda:  6.527783 	sum squre error 5.082229e-05 
	Testing step 102 		lambda:  4.538068 	sum squre error 5.08226e-05 
	Testing step 103 		lambda:  3.154832 	sum squre error 5.082238e-05 
	Testing step 104 		lambda:  2.193216 	sum squre error 5.08226e-05 
	Testing step 105 		lambda:  1.524708 	sum squre error 5.082261e-05 
	Testing step 106 		lambda:  1.059966 	sum squre error 5.082261e-05 
	Testing step 107 		lambda:  0.7368808 	sum squre error 5.082261e-05 
	Testing step 108 		lambda:  0.5122743 	sum squre error 5.082254e-05 
	Testing step 109 		lambda:  0.3561294 	sum squre error 5.082261e-05 
	Testing step 110 		lambda:  0.2475786 	sum squre error 5.082231e-05 
	Testing step 111 		lambda:  0.1721148 	sum squre error 5.082262e-05 
	Testing step 112 		lambda:  0.119653 	sum squre error 5.082262e-05 
	Testing step 113 		lambda:  0.0831819 	sum squre error 5.082239e-05 
	Testing step 114 		lambda:  0.05782746 	sum squre error 5.082261e-05 
	Testing step 115 		lambda:  0.04020123 	sum squre error 5.082261e-05 
	Testing step 116 		lambda:  0.02794761 	sum squre error 5.082238e-05 
	Testing step 117 		lambda:  0.01942898 	sum squre error 5.082231e-05 
	Testing step 118 		lambda:  0.01350688 	sum squre error 5.082262e-05 
	Testing step 119 		lambda:  0.009389888 	sum squre error 5.082261e-05 
	Testing step 120 		lambda:  0.006527783 	sum squre error 5.082239e-05 
Testing alpha 7 / 20 :		alpha:  0.7 
	Testing step 121 		lambda:  6.527783 	sum squre error 5.082252e-05 
	Testing step 122 		lambda:  4.538068 	sum squre error 5.08226e-05 
	Testing step 123 		lambda:  3.154832 	sum squre error 5.082237e-05 
	Testing step 124 		lambda:  2.193216 	sum squre error 5.082231e-05 
	Testing step 125 		lambda:  1.524708 	sum squre error 5.082261e-05 
	Testing step 126 		lambda:  1.059966 	sum squre error 5.082261e-05 
	Testing step 127 		lambda:  0.7368808 	sum squre error 5.082238e-05 
	Testing step 128 		lambda:  0.5122743 	sum squre error 5.082238e-05 
	Testing step 129 		lambda:  0.3561294 	sum squre error 5.082261e-05 
	Testing step 130 		lambda:  0.2475786 	sum squre error 5.082261e-05 
	Testing step 131 		lambda:  0.1721148 	sum squre error 5.082239e-05 
	Testing step 132 		lambda:  0.119653 	sum squre error 5.082262e-05 
	Testing step 133 		lambda:  0.0831819 	sum squre error 5.082262e-05 
	Testing step 134 		lambda:  0.05782746 	sum squre error 5.082238e-05 
	Testing step 135 		lambda:  0.04020123 	sum squre error 5.082239e-05 
	Testing step 136 		lambda:  0.02794761 	sum squre error 5.082261e-05 
	Testing step 137 		lambda:  0.01942898 	sum squre error 5.082262e-05 
	Testing step 138 		lambda:  0.01350688 	sum squre error 5.082262e-05 
	Testing step 139 		lambda:  0.009389888 	sum squre error 5.082261e-05 
	Testing step 140 		lambda:  0.006527783 	sum squre error 5.082262e-05 
Testing alpha 8 / 20 :		alpha:  0.65 
	Testing step 141 		lambda:  6.527783 	sum squre error 5.082259e-05 
	Testing step 142 		lambda:  4.538068 	sum squre error 5.08226e-05 
	Testing step 143 		lambda:  3.154832 	sum squre error 5.082238e-05 
	Testing step 144 		lambda:  2.193216 	sum squre error 5.08223e-05 
	Testing step 145 		lambda:  1.524708 	sum squre error 5.082238e-05 
	Testing step 146 		lambda:  1.059966 	sum squre error 5.082261e-05 
	Testing step 147 		lambda:  0.7368808 	sum squre error 5.082261e-05 
	Testing step 148 		lambda:  0.5122743 	sum squre error 5.082261e-05 
	Testing step 149 		lambda:  0.3561294 	sum squre error 5.082261e-05 
	Testing step 150 		lambda:  0.2475786 	sum squre error 5.082239e-05 
	Testing step 151 		lambda:  0.1721148 	sum squre error 5.082261e-05 
	Testing step 152 		lambda:  0.119653 	sum squre error 5.082231e-05 
	Testing step 153 		lambda:  0.0831819 	sum squre error 5.082261e-05 
	Testing step 154 		lambda:  0.05782746 	sum squre error 5.082261e-05 
	Testing step 155 		lambda:  0.04020123 	sum squre error 5.082261e-05 
	Testing step 156 		lambda:  0.02794761 	sum squre error 5.082238e-05 
	Testing step 157 		lambda:  0.01942898 	sum squre error 5.082262e-05 
	Testing step 158 		lambda:  0.01350688 	sum squre error 5.082262e-05 
	Testing step 159 		lambda:  0.009389888 	sum squre error 5.082238e-05 
	Testing step 160 		lambda:  0.006527783 	sum squre error 5.082262e-05 
Testing alpha 9 / 20 :		alpha:  0.6 
	Testing step 161 		lambda:  6.527783 	sum squre error 5.082252e-05 
	Testing step 162 		lambda:  4.538068 	sum squre error 5.082237e-05 
	Testing step 163 		lambda:  3.154832 	sum squre error 5.08226e-05 
	Testing step 164 		lambda:  2.193216 	sum squre error 5.082261e-05 
	Testing step 165 		lambda:  1.524708 	sum squre error 5.082254e-05 
	Testing step 166 		lambda:  1.059966 	sum squre error 5.082238e-05 
	Testing step 167 		lambda:  0.7368808 	sum squre error 5.082261e-05 
	Testing step 168 		lambda:  0.5122743 	sum squre error 5.082261e-05 
	Testing step 169 		lambda:  0.3561294 	sum squre error 5.082238e-05 
	Testing step 170 		lambda:  0.2475786 	sum squre error 5.082261e-05 
	Testing step 171 		lambda:  0.1721148 	sum squre error 5.082262e-05 
	Testing step 172 		lambda:  0.119653 	sum squre error 5.082231e-05 
	Testing step 173 		lambda:  0.0831819 	sum squre error 5.082261e-05 
	Testing step 174 		lambda:  0.05782746 	sum squre error 5.082238e-05 
	Testing step 175 		lambda:  0.04020123 	sum squre error 5.082261e-05 
	Testing step 176 		lambda:  0.02794761 	sum squre error 5.082262e-05 
	Testing step 177 		lambda:  0.01942898 	sum squre error 5.082239e-05 
	Testing step 178 		lambda:  0.01350688 	sum squre error 5.082239e-05 
	Testing step 179 		lambda:  0.009389888 	sum squre error 5.082231e-05 
	Testing step 180 		lambda:  0.006527783 	sum squre error 5.082239e-05 
Testing alpha 10 / 20 :		alpha:  0.55 
	Testing step 181 		lambda:  6.527783 	sum squre error 5.082259e-05 
	Testing step 182 		lambda:  4.538068 	sum squre error 5.08226e-05 
	Testing step 183 		lambda:  3.154832 	sum squre error 5.082261e-05 
	Testing step 184 		lambda:  2.193216 	sum squre error 5.082261e-05 
	Testing step 185 		lambda:  1.524708 	sum squre error 5.082261e-05 
	Testing step 186 		lambda:  1.059966 	sum squre error 5.082254e-05 
	Testing step 187 		lambda:  0.7368808 	sum squre error 5.082261e-05 
	Testing step 188 		lambda:  0.5122743 	sum squre error 5.082254e-05 
	Testing step 189 		lambda:  0.3561294 	sum squre error 5.082238e-05 
	Testing step 190 		lambda:  0.2475786 	sum squre error 5.082239e-05 
	Testing step 191 		lambda:  0.1721148 	sum squre error 5.082238e-05 
	Testing step 192 		lambda:  0.119653 	sum squre error 5.082239e-05 
	Testing step 193 		lambda:  0.0831819 	sum squre error 5.082239e-05 
	Testing step 194 		lambda:  0.05782746 	sum squre error 5.082239e-05 
	Testing step 195 		lambda:  0.04020123 	sum squre error 5.082261e-05 
	Testing step 196 		lambda:  0.02794761 	sum squre error 5.082262e-05 
	Testing step 197 		lambda:  0.01942898 	sum squre error 5.082262e-05 
	Testing step 198 		lambda:  0.01350688 	sum squre error 5.082262e-05 
	Testing step 199 		lambda:  0.009389888 	sum squre error 5.082262e-05 
	Testing step 200 		lambda:  0.006527783 	sum squre error 5.082239e-05 
Testing alpha 11 / 20 :		alpha:  0.5 
	Testing step 201 		lambda:  6.527783 	sum squre error 5.08226e-05 
	Testing step 202 		lambda:  4.538068 	sum squre error 5.08226e-05 
	Testing step 203 		lambda:  3.154832 	sum squre error 5.082237e-05 
	Testing step 204 		lambda:  2.193216 	sum squre error 5.082231e-05 
	Testing step 205 		lambda:  1.524708 	sum squre error 5.082238e-05 
	Testing step 206 		lambda:  1.059966 	sum squre error 5.082261e-05 
	Testing step 207 		lambda:  0.7368808 	sum squre error 5.082261e-05 
	Testing step 208 		lambda:  0.5122743 	sum squre error 5.082238e-05 
	Testing step 209 		lambda:  0.3561294 	sum squre error 5.082261e-05 
	Testing step 210 		lambda:  0.2475786 	sum squre error 5.082254e-05 
	Testing step 211 		lambda:  0.1721148 	sum squre error 5.082239e-05 
	Testing step 212 		lambda:  0.119653 	sum squre error 5.082239e-05 
	Testing step 213 		lambda:  0.0831819 	sum squre error 5.082239e-05 
	Testing step 214 		lambda:  0.05782746 	sum squre error 5.082262e-05 
	Testing step 215 		lambda:  0.04020123 	sum squre error 5.082239e-05 
	Testing step 216 		lambda:  0.02794761 	sum squre error 5.082261e-05 
	Testing step 217 		lambda:  0.01942898 	sum squre error 5.082261e-05 
	Testing step 218 		lambda:  0.01350688 	sum squre error 5.082262e-05 
	Testing step 219 		lambda:  0.009389888 	sum squre error 5.082262e-05 
	Testing step 220 		lambda:  0.006527783 	sum squre error 5.082262e-05 
Testing alpha 12 / 20 :		alpha:  0.45 
	Testing step 221 		lambda:  6.527783 	sum squre error 5.082237e-05 
	Testing step 222 		lambda:  4.538068 	sum squre error 5.08226e-05 
	Testing step 223 		lambda:  3.154832 	sum squre error 5.082253e-05 
	Testing step 224 		lambda:  2.193216 	sum squre error 5.082261e-05 
	Testing step 225 		lambda:  1.524708 	sum squre error 5.082238e-05 
	Testing step 226 		lambda:  1.059966 	sum squre error 5.082238e-05 
	Testing step 227 		lambda:  0.7368808 	sum squre error 5.082238e-05 
	Testing step 228 		lambda:  0.5122743 	sum squre error 5.082261e-05 
	Testing step 229 		lambda:  0.3561294 	sum squre error 5.082261e-05 
	Testing step 230 		lambda:  0.2475786 	sum squre error 5.082239e-05 
	Testing step 231 		lambda:  0.1721148 	sum squre error 5.082262e-05 
	Testing step 232 		lambda:  0.119653 	sum squre error 5.082262e-05 
	Testing step 233 		lambda:  0.0831819 	sum squre error 5.082261e-05 
	Testing step 234 		lambda:  0.05782746 	sum squre error 5.082262e-05 
	Testing step 235 		lambda:  0.04020123 	sum squre error 5.082262e-05 
	Testing step 236 		lambda:  0.02794761 	sum squre error 5.082239e-05 
	Testing step 237 		lambda:  0.01942898 	sum squre error 5.082262e-05 
	Testing step 238 		lambda:  0.01350688 	sum squre error 5.082261e-05 
	Testing step 239 		lambda:  0.009389888 	sum squre error 5.082254e-05 
	Testing step 240 		lambda:  0.006527783 	sum squre error 5.082262e-05 
Testing alpha 13 / 20 :		alpha:  0.4 
	Testing step 241 		lambda:  6.527783 	sum squre error 5.08226e-05 
	Testing step 242 		lambda:  4.538068 	sum squre error 5.082237e-05 
	Testing step 243 		lambda:  3.154832 	sum squre error 5.082238e-05 
	Testing step 244 		lambda:  2.193216 	sum squre error 5.082261e-05 
	Testing step 245 		lambda:  1.524708 	sum squre error 5.082261e-05 
	Testing step 246 		lambda:  1.059966 	sum squre error 5.082261e-05 
	Testing step 247 		lambda:  0.7368808 	sum squre error 5.082261e-05 
	Testing step 248 		lambda:  0.5122743 	sum squre error 5.082238e-05 
	Testing step 249 		lambda:  0.3561294 	sum squre error 5.082261e-05 
	Testing step 250 		lambda:  0.2475786 	sum squre error 5.082261e-05 
	Testing step 251 		lambda:  0.1721148 	sum squre error 5.082254e-05 
	Testing step 252 		lambda:  0.119653 	sum squre error 5.082238e-05 
	Testing step 253 		lambda:  0.0831819 	sum squre error 5.082262e-05 
	Testing step 254 		lambda:  0.05782746 	sum squre error 5.082262e-05 
	Testing step 255 		lambda:  0.04020123 	sum squre error 5.082261e-05 
	Testing step 256 		lambda:  0.02794761 	sum squre error 5.082238e-05 
	Testing step 257 		lambda:  0.01942898 	sum squre error 5.082254e-05 
	Testing step 258 		lambda:  0.01350688 	sum squre error 5.082262e-05 
	Testing step 259 		lambda:  0.009389888 	sum squre error 5.082262e-05 
	Testing step 260 		lambda:  0.006527783 	sum squre error 5.082262e-05 
Testing alpha 14 / 20 :		alpha:  0.35 
	Testing step 261 		lambda:  6.527783 	sum squre error 5.08226e-05 
	Testing step 262 		lambda:  4.538068 	sum squre error 5.08226e-05 
	Testing step 263 		lambda:  3.154832 	sum squre error 5.082261e-05 
	Testing step 264 		lambda:  2.193216 	sum squre error 5.082238e-05 
	Testing step 265 		lambda:  1.524708 	sum squre error 5.082261e-05 
	Testing step 266 		lambda:  1.059966 	sum squre error 5.082238e-05 
	Testing step 267 		lambda:  0.7368808 	sum squre error 5.082261e-05 
	Testing step 268 		lambda:  0.5122743 	sum squre error 5.082261e-05 
	Testing step 269 		lambda:  0.3561294 	sum squre error 5.082261e-05 
	Testing step 270 		lambda:  0.2475786 	sum squre error 5.082261e-05 
	Testing step 271 		lambda:  0.1721148 	sum squre error 5.082254e-05 
	Testing step 272 		lambda:  0.119653 	sum squre error 5.082254e-05 
	Testing step 273 		lambda:  0.0831819 	sum squre error 5.082254e-05 
	Testing step 274 		lambda:  0.05782746 	sum squre error 5.082262e-05 
	Testing step 275 		lambda:  0.04020123 	sum squre error 5.082261e-05 
	Testing step 276 		lambda:  0.02794761 	sum squre error 5.082261e-05 
	Testing step 277 		lambda:  0.01942898 	sum squre error 5.082239e-05 
	Testing step 278 		lambda:  0.01350688 	sum squre error 5.082261e-05 
	Testing step 279 		lambda:  0.009389888 	sum squre error 5.082262e-05 
	Testing step 280 		lambda:  0.006527783 	sum squre error 5.082239e-05 
Testing alpha 15 / 20 :		alpha:  0.3 
	Testing step 281 		lambda:  6.527783 	sum squre error 5.082237e-05 
	Testing step 282 		lambda:  4.538068 	sum squre error 5.082237e-05 
	Testing step 283 		lambda:  3.154832 	sum squre error 5.08226e-05 
	Testing step 284 		lambda:  2.193216 	sum squre error 5.082261e-05 
	Testing step 285 		lambda:  1.524708 	sum squre error 5.082238e-05 
	Testing step 286 		lambda:  1.059966 	sum squre error 5.082238e-05 
	Testing step 287 		lambda:  0.7368808 	sum squre error 5.082238e-05 
	Testing step 288 		lambda:  0.5122743 	sum squre error 5.082254e-05 
	Testing step 289 		lambda:  0.3561294 	sum squre error 5.082254e-05 
	Testing step 290 		lambda:  0.2475786 	sum squre error 5.082238e-05 
	Testing step 291 		lambda:  0.1721148 	sum squre error 5.082262e-05 
	Testing step 292 		lambda:  0.119653 	sum squre error 5.082239e-05 
	Testing step 293 		lambda:  0.0831819 	sum squre error 5.082261e-05 
	Testing step 294 		lambda:  0.05782746 	sum squre error 5.082262e-05 
	Testing step 295 		lambda:  0.04020123 	sum squre error 5.082238e-05 
	Testing step 296 		lambda:  0.02794761 	sum squre error 5.082239e-05 
	Testing step 297 		lambda:  0.01942898 	sum squre error 5.082262e-05 
	Testing step 298 		lambda:  0.01350688 	sum squre error 5.082238e-05 
	Testing step 299 		lambda:  0.009389888 	sum squre error 5.082239e-05 
	Testing step 300 		lambda:  0.006527783 	sum squre error 5.082262e-05 
Testing alpha 16 / 20 :		alpha:  0.25 
	Testing step 301 		lambda:  6.527783 	sum squre error 5.08226e-05 
	Testing step 302 		lambda:  4.538068 	sum squre error 5.08223e-05 
	Testing step 303 		lambda:  3.154832 	sum squre error 5.082261e-05 
	Testing step 304 		lambda:  2.193216 	sum squre error 5.082261e-05 
	Testing step 305 		lambda:  1.524708 	sum squre error 5.082238e-05 
	Testing step 306 		lambda:  1.059966 	sum squre error 5.082231e-05 
	Testing step 307 		lambda:  0.7368808 	sum squre error 5.082261e-05 
	Testing step 308 		lambda:  0.5122743 	sum squre error 5.082261e-05 
	Testing step 309 		lambda:  0.3561294 	sum squre error 5.082261e-05 
	Testing step 310 		lambda:  0.2475786 	sum squre error 5.082254e-05 
	Testing step 311 		lambda:  0.1721148 	sum squre error 5.082239e-05 
	Testing step 312 		lambda:  0.119653 	sum squre error 5.082261e-05 
	Testing step 313 		lambda:  0.0831819 	sum squre error 5.082254e-05 
	Testing step 314 		lambda:  0.05782746 	sum squre error 5.082261e-05 
	Testing step 315 		lambda:  0.04020123 	sum squre error 5.082262e-05 
	Testing step 316 		lambda:  0.02794761 	sum squre error 5.082239e-05 
	Testing step 317 		lambda:  0.01942898 	sum squre error 5.082239e-05 
	Testing step 318 		lambda:  0.01350688 	sum squre error 5.082238e-05 
	Testing step 319 		lambda:  0.009389888 	sum squre error 5.082262e-05 
	Testing step 320 		lambda:  0.006527783 	sum squre error 5.082262e-05 
Testing alpha 17 / 20 :		alpha:  0.2 
	Testing step 321 		lambda:  6.527783 	sum squre error 5.082237e-05 
	Testing step 322 		lambda:  4.538068 	sum squre error 5.082261e-05 
	Testing step 323 		lambda:  3.154832 	sum squre error 5.082254e-05 
	Testing step 324 		lambda:  2.193216 	sum squre error 5.082261e-05 
	Testing step 325 		lambda:  1.524708 	sum squre error 5.082261e-05 
	Testing step 326 		lambda:  1.059966 	sum squre error 5.082238e-05 
	Testing step 327 		lambda:  0.7368808 	sum squre error 5.082238e-05 
	Testing step 328 		lambda:  0.5122743 	sum squre error 5.082261e-05 
	Testing step 329 		lambda:  0.3561294 	sum squre error 5.082261e-05 
	Testing step 330 		lambda:  0.2475786 	sum squre error 5.082239e-05 
	Testing step 331 		lambda:  0.1721148 	sum squre error 5.082262e-05 
	Testing step 332 		lambda:  0.119653 	sum squre error 5.082231e-05 
	Testing step 333 		lambda:  0.0831819 	sum squre error 5.082238e-05 
	Testing step 334 		lambda:  0.05782746 	sum squre error 5.082262e-05 
	Testing step 335 		lambda:  0.04020123 	sum squre error 5.082261e-05 
	Testing step 336 		lambda:  0.02794761 	sum squre error 5.082231e-05 
	Testing step 337 		lambda:  0.01942898 	sum squre error 5.082239e-05 
	Testing step 338 		lambda:  0.01350688 	sum squre error 5.082238e-05 
	Testing step 339 		lambda:  0.009389888 	sum squre error 5.082262e-05 
	Testing step 340 		lambda:  0.006527783 	sum squre error 5.082262e-05 
Testing alpha 18 / 20 :		alpha:  0.15 
	Testing step 341 		lambda:  6.527783 	sum squre error 5.082237e-05 
	Testing step 342 		lambda:  4.538068 	sum squre error 5.08226e-05 
	Testing step 343 		lambda:  3.154832 	sum squre error 5.082254e-05 
	Testing step 344 		lambda:  2.193216 	sum squre error 5.082261e-05 
	Testing step 345 		lambda:  1.524708 	sum squre error 5.082238e-05 
	Testing step 346 		lambda:  1.059966 	sum squre error 5.082261e-05 
	Testing step 347 		lambda:  0.7368808 	sum squre error 5.082238e-05 
	Testing step 348 		lambda:  0.5122743 	sum squre error 5.082261e-05 
	Testing step 349 		lambda:  0.3561294 	sum squre error 5.082261e-05 
	Testing step 350 		lambda:  0.2475786 	sum squre error 5.082254e-05 
	Testing step 351 		lambda:  0.1721148 	sum squre error 5.082262e-05 
	Testing step 352 		lambda:  0.119653 	sum squre error 5.082262e-05 
	Testing step 353 		lambda:  0.0831819 	sum squre error 5.082262e-05 
	Testing step 354 		lambda:  0.05782746 	sum squre error 5.082239e-05 
	Testing step 355 		lambda:  0.04020123 	sum squre error 5.082261e-05 
	Testing step 356 		lambda:  0.02794761 	sum squre error 5.082262e-05 
	Testing step 357 		lambda:  0.01942898 	sum squre error 5.082261e-05 
	Testing step 358 		lambda:  0.01350688 	sum squre error 5.082231e-05 
	Testing step 359 		lambda:  0.009389888 	sum squre error 5.082262e-05 
	Testing step 360 		lambda:  0.006527783 	sum squre error 5.082262e-05 
Testing alpha 19 / 20 :		alpha:  0.1 
	Testing step 361 		lambda:  6.527783 	sum squre error 5.082237e-05 
	Testing step 362 		lambda:  4.538068 	sum squre error 5.082238e-05 
	Testing step 363 		lambda:  3.154832 	sum squre error 5.082238e-05 
	Testing step 364 		lambda:  2.193216 	sum squre error 5.082261e-05 
	Testing step 365 		lambda:  1.524708 	sum squre error 5.082238e-05 
	Testing step 366 		lambda:  1.059966 	sum squre error 5.082261e-05 
	Testing step 367 		lambda:  0.7368808 	sum squre error 5.082231e-05 
	Testing step 368 		lambda:  0.5122743 	sum squre error 5.082261e-05 
	Testing step 369 		lambda:  0.3561294 	sum squre error 5.082238e-05 
	Testing step 370 		lambda:  0.2475786 	sum squre error 5.082238e-05 
	Testing step 371 		lambda:  0.1721148 	sum squre error 5.082239e-05 
	Testing step 372 		lambda:  0.119653 	sum squre error 5.082239e-05 
	Testing step 373 		lambda:  0.0831819 	sum squre error 5.082261e-05 
	Testing step 374 		lambda:  0.05782746 	sum squre error 5.082239e-05 
	Testing step 375 		lambda:  0.04020123 	sum squre error 5.082261e-05 
	Testing step 376 		lambda:  0.02794761 	sum squre error 5.082262e-05 
	Testing step 377 		lambda:  0.01942898 	sum squre error 5.082262e-05 
	Testing step 378 		lambda:  0.01350688 	sum squre error 5.082261e-05 
	Testing step 379 		lambda:  0.009389888 	sum squre error 5.082239e-05 
	Testing step 380 		lambda:  0.006527783 	sum squre error 5.082254e-05 
Testing alpha 20 / 20 :		alpha:  0.05 
	Testing step 381 		lambda:  6.527783 	sum squre error 5.082253e-05 
	Testing step 382 		lambda:  4.538068 	sum squre error 5.082238e-05 
	Testing step 383 		lambda:  3.154832 	sum squre error 5.082231e-05 
	Testing step 384 		lambda:  2.193216 	sum squre error 5.082254e-05 
	Testing step 385 		lambda:  1.524708 	sum squre error 5.082238e-05 
	Testing step 386 		lambda:  1.059966 	sum squre error 5.082238e-05 
	Testing step 387 		lambda:  0.7368808 	sum squre error 5.082261e-05 
	Testing step 388 		lambda:  0.5122743 	sum squre error 5.082261e-05 
	Testing step 389 		lambda:  0.3561294 	sum squre error 5.082231e-05 
	Testing step 390 		lambda:  0.2475786 	sum squre error 5.082262e-05 
	Testing step 391 		lambda:  0.1721148 	sum squre error 5.082262e-05 
	Testing step 392 		lambda:  0.119653 	sum squre error 5.082262e-05 
	Testing step 393 		lambda:  0.0831819 	sum squre error 5.082261e-05 
	Testing step 394 		lambda:  0.05782746 	sum squre error 5.082262e-05 
	Testing step 395 		lambda:  0.04020123 	sum squre error 5.082261e-05 
	Testing step 396 		lambda:  0.02794761 	sum squre error 5.082261e-05 
	Testing step 397 		lambda:  0.01942898 	sum squre error 5.082262e-05 
	Testing step 398 		lambda:  0.01350688 	sum squre error 5.082239e-05 
	Testing step 399 		lambda:  0.009389888 	sum squre error 5.082238e-05 
	Testing step 400 		lambda:  0.006527783 	sum squre error 5.082239e-05 
Final run 
EB-Elastic Net Linear Model, Epis:  no ; 5 fold cross-validation
Testing alpha 1 / 20 :		alpha:  1 
	Testing step 1 		lambda:  4.213412 	sum squre error 0.2697289 
	Testing step 2 		lambda:  2.929133 	sum squre error 0.2636719 
	Testing step 3 		lambda:  2.036312 	sum squre error 0.2406817 
	Testing step 4 		lambda:  1.41563 	sum squre error 0.2472124 
	Testing step 5 		lambda:  0.9841356 	sum squre error 0.2379735 
	Testing step 6 		lambda:  0.684164 	sum squre error 0.2355754 
	Testing step 7 		lambda:  0.4756259 	sum squre error 0.2469487 
	Testing step 8 		lambda:  0.3306517 	sum squre error 0.2704345 
Testing alpha 2 / 20 :		alpha:  0.95 
	Testing step 9 		lambda:  4.213412 	sum squre error 0.2171576 
	Testing step 10 		lambda:  2.929133 	sum squre error 0.2419638 
	Testing step 11 		lambda:  2.036312 	sum squre error 0.2349765 
	Testing step 12 		lambda:  1.41563 	sum squre error 0.2624362 
Testing alpha 3 / 20 :		alpha:  0.9 
	Testing step 13 		lambda:  4.213412 	sum squre error 0.2534825 
	Testing step 14 		lambda:  2.929133 	sum squre error 0.2368359 
	Testing step 15 		lambda:  2.036312 	sum squre error 0.2243982 
	Testing step 16 		lambda:  1.41563 	sum squre error 0.2376199 
	Testing step 17 		lambda:  0.9841356 	sum squre error 0.2418199 
	Testing step 18 		lambda:  0.684164 	sum squre error 0.2578084 
Testing alpha 4 / 20 :		alpha:  0.85 
	Testing step 19 		lambda:  4.213412 	sum squre error 0.2545923 
	Testing step 20 		lambda:  2.929133 	sum squre error 0.2372772 
	Testing step 21 		lambda:  2.036312 	sum squre error 0.2372036 
	Testing step 22 		lambda:  1.41563 	sum squre error 0.2724773 
Testing alpha 5 / 20 :		alpha:  0.8 
	Testing step 23 		lambda:  4.213412 	sum squre error 0.2499486 
	Testing step 24 		lambda:  2.929133 	sum squre error 0.2570839 
	Testing step 25 		lambda:  2.036312 	sum squre error 0.2508792 
	Testing step 26 		lambda:  1.41563 	sum squre error 0.2496451 
	Testing step 27 		lambda:  0.9841356 	sum squre error 0.2420144 
	Testing step 28 		lambda:  0.684164 	sum squre error 0.2378901 
	Testing step 29 		lambda:  0.4756259 	sum squre error 0.2573314 
	Testing step 30 		lambda:  0.3306517 	sum squre error 0.2395345 
	Testing step 31 		lambda:  0.2298667 	sum squre error 0.2306302 
	Testing step 32 		lambda:  0.1598016 	sum squre error 0.2691792 
Testing alpha 6 / 20 :		alpha:  0.75 
	Testing step 33 		lambda:  4.213412 	sum squre error 0.2543665 
	Testing step 34 		lambda:  2.929133 	sum squre error 0.2568618 
	Testing step 35 		lambda:  2.036312 	sum squre error 0.2823611 
Testing alpha 7 / 20 :		alpha:  0.7 
	Testing step 36 		lambda:  4.213412 	sum squre error 0.2107987 
	Testing step 37 		lambda:  2.929133 	sum squre error 0.2388251 
Testing alpha 8 / 20 :		alpha:  0.65 
	Testing step 38 		lambda:  4.213412 	sum squre error 0.2587837 
	Testing step 39 		lambda:  2.929133 	sum squre error 0.2407128 
	Testing step 40 		lambda:  2.036312 	sum squre error 0.238631 
	Testing step 41 		lambda:  1.41563 	sum squre error 0.2365137 
	Testing step 42 		lambda:  0.9841356 	sum squre error 0.2489657 
	Testing step 43 		lambda:  0.684164 	sum squre error 0.239794 
	Testing step 44 		lambda:  0.4756259 	sum squre error 0.2574808 
	Testing step 45 		lambda:  0.3306517 	sum squre error 0.2288277 
	Testing step 46 		lambda:  0.2298667 	sum squre error 0.24685 
Testing alpha 9 / 20 :		alpha:  0.6 
	Testing step 47 		lambda:  4.213412 	sum squre error 0.243873 
	Testing step 48 		lambda:  2.929133 	sum squre error 0.2534811 
	Testing step 49 		lambda:  2.036312 	sum squre error 0.2532615 
	Testing step 50 		lambda:  1.41563 	sum squre error 0.2583924 
	Testing step 51 		lambda:  0.9841356 	sum squre error 0.2492749 
	Testing step 52 		lambda:  0.684164 	sum squre error 0.236817 
	Testing step 53 		lambda:  0.4756259 	sum squre error 0.2664326 
Testing alpha 10 / 20 :		alpha:  0.55 
	Testing step 54 		lambda:  4.213412 	sum squre error 0.2637513 
	Testing step 55 		lambda:  2.929133 	sum squre error 0.2253634 
	Testing step 56 		lambda:  2.036312 	sum squre error 0.282887 
Testing alpha 11 / 20 :		alpha:  0.5 
	Testing step 57 		lambda:  4.213412 	sum squre error 0.2427133 
	Testing step 58 		lambda:  2.929133 	sum squre error 0.2535559 
	Testing step 59 		lambda:  2.036312 	sum squre error 0.2391015 
	Testing step 60 		lambda:  1.41563 	sum squre error 0.2368755 
	Testing step 61 		lambda:  0.9841356 	sum squre error 0.2369677 
	Testing step 62 		lambda:  0.684164 	sum squre error 0.2612363 
Testing alpha 12 / 20 :		alpha:  0.45 
	Testing step 63 		lambda:  4.213412 	sum squre error 0.2599674 
	Testing step 64 		lambda:  2.929133 	sum squre error 0.2313159 
	Testing step 65 		lambda:  2.036312 	sum squre error 0.2638305 
Testing alpha 13 / 20 :		alpha:  0.4 
	Testing step 66 		lambda:  4.213412 	sum squre error 0.2337461 
	Testing step 67 		lambda:  2.929133 	sum squre error 0.2413065 
	Testing step 68 		lambda:  2.036312 	sum squre error 0.2499889 
	Testing step 69 		lambda:  1.41563 	sum squre error 0.2543777 
	Testing step 70 		lambda:  0.9841356 	sum squre error 0.2392289 
	Testing step 71 		lambda:  0.684164 	sum squre error 0.266516 
Testing alpha 14 / 20 :		alpha:  0.35 
	Testing step 72 		lambda:  4.213412 	sum squre error 0.2486401 
	Testing step 73 		lambda:  2.929133 	sum squre error 0.263816 
	Testing step 74 		lambda:  2.036312 	sum squre error 0.2437535 
	Testing step 75 		lambda:  1.41563 	sum squre error 0.2519708 
	Testing step 76 		lambda:  0.9841356 	sum squre error 0.2332288 
	Testing step 77 		lambda:  0.684164 	sum squre error 0.2566278 
	Testing step 78 		lambda:  0.4756259 	sum squre error 0.2675721 
Testing alpha 15 / 20 :		alpha:  0.3 
	Testing step 79 		lambda:  4.213412 	sum squre error 0.2381124 
	Testing step 80 		lambda:  2.929133 	sum squre error 0.2408517 
	Testing step 81 		lambda:  2.036312 	sum squre error 0.269586 
Testing alpha 16 / 20 :		alpha:  0.25 
	Testing step 82 		lambda:  4.213412 	sum squre error 0.2494504 
	Testing step 83 		lambda:  2.929133 	sum squre error 0.2525958 
	Testing step 84 		lambda:  2.036312 	sum squre error 0.2639759 
	Testing step 85 		lambda:  1.41563 	sum squre error 0.2236654 
	Testing step 86 		lambda:  0.9841356 	sum squre error 0.2436169 
Testing alpha 17 / 20 :		alpha:  0.2 
	Testing step 87 		lambda:  4.213412 	sum squre error 0.2721525 
	Testing step 88 		lambda:  2.929133 	sum squre error 0.2361103 
	Testing step 89 		lambda:  2.036312 	sum squre error 0.2422351 
	Testing step 90 		lambda:  1.41563 	sum squre error 0.2341081 
	Testing step 91 		lambda:  0.9841356 	sum squre error 0.2442956 
	Testing step 92 		lambda:  0.684164 	sum squre error 0.2619723 
Testing alpha 18 / 20 :		alpha:  0.15 
	Testing step 93 		lambda:  4.213412 	sum squre error 0.2496487 
	Testing step 94 		lambda:  2.929133 	sum squre error 0.2443289 
	Testing step 95 		lambda:  2.036312 	sum squre error 0.2392887 
	Testing step 96 		lambda:  1.41563 	sum squre error 0.2254244 
	Testing step 97 		lambda:  0.9841356 	sum squre error 0.2426045 
	Testing step 98 		lambda:  0.684164 	sum squre error 0.2491577 
	Testing step 99 		lambda:  0.4756259 	sum squre error 0.227889 
	Testing step 100 		lambda:  0.3306517 	sum squre error 0.2463455 
	Testing step 101 		lambda:  0.2298667 	sum squre error 0.2516942 
	Testing step 102 		lambda:  0.1598016 	sum squre error 0.2591149 
Testing alpha 19 / 20 :		alpha:  0.1 
	Testing step 103 		lambda:  4.213412 	sum squre error 0.2369735 
	Testing step 104 		lambda:  2.929133 	sum squre error 0.2468398 
	Testing step 105 		lambda:  2.036312 	sum squre error 0.2346082 
	Testing step 106 		lambda:  1.41563 	sum squre error 0.2387506 
	Testing step 107 		lambda:  0.9841356 	sum squre error 0.2416552 
	Testing step 108 		lambda:  0.684164 	sum squre error 0.2558943 
Testing alpha 20 / 20 :		alpha:  0.05 
	Testing step 109 		lambda:  4.213412 	sum squre error 0.2473377 
	Testing step 110 		lambda:  2.929133 	sum squre error 0.2344395 
	Testing step 111 		lambda:  2.036312 	sum squre error 0.2249669 
	Testing step 112 		lambda:  1.41563 	sum squre error 0.2408452 
	Testing step 113 		lambda:  0.9841356 	sum squre error 0.235807 
	Testing step 114 		lambda:  0.684164 	sum squre error 0.2657564 
Ouput the final result including main and epistatic effect 
Done!