EBEN_train parameters: 
	workspace: /Users/jchen67/Experiment/ShiLab_securityCode/EpiMap/upload_data/userid_2/jobid_7 
	x_filename: bc_x.txt 
	y_filename: bc_y.txt 
[1] "x size: (233, 1046)"
[1] "y size: (233, 1)"
Transform pathological stages into natural log values 
Filter the miRNA data with more than 20% missing data 
Quantile normalization 
Main effect estimated using EBEN 
EB-Elastic Net Linear Model, Epis:  no ; 5 fold cross-validation
Testing alpha 1 / 20 :		alpha:  1 
	Testing step 1 		lambda:  1.628396 	sum squre error 9.112645 
	Testing step 2 		lambda:  1.132049 	sum squre error 10.25806 
Testing alpha 2 / 20 :		alpha:  0.95 
	Testing step 3 		lambda:  1.628396 	sum squre error 9.08407 
	Testing step 4 		lambda:  1.132049 	sum squre error 10.1922 
Testing alpha 3 / 20 :		alpha:  0.9 
	Testing step 5 		lambda:  1.628396 	sum squre error 9.054511 
	Testing step 6 		lambda:  1.132049 	sum squre error 10.12989 
Testing alpha 4 / 20 :		alpha:  0.85 
	Testing step 7 		lambda:  1.628396 	sum squre error 9.031667 
	Testing step 8 		lambda:  1.132049 	sum squre error 10.08724 
Testing alpha 5 / 20 :		alpha:  0.8 
	Testing step 9 		lambda:  1.628396 	sum squre error 9.01013 
	Testing step 10 		lambda:  1.132049 	sum squre error 10.07555 
Testing alpha 6 / 20 :		alpha:  0.75 
	Testing step 11 		lambda:  1.628396 	sum squre error 8.990321 
	Testing step 12 		lambda:  1.132049 	sum squre error 10.05333 
Testing alpha 7 / 20 :		alpha:  0.7 
	Testing step 13 		lambda:  1.628396 	sum squre error 8.976696 
	Testing step 14 		lambda:  1.132049 	sum squre error 10.00458 
Testing alpha 8 / 20 :		alpha:  0.65 
	Testing step 15 		lambda:  1.628396 	sum squre error 8.971212 
	Testing step 16 		lambda:  1.132049 	sum squre error 10.0249 
Testing alpha 9 / 20 :		alpha:  0.6 
	Testing step 17 		lambda:  1.628396 	sum squre error 8.977519 
	Testing step 18 		lambda:  1.132049 	sum squre error 10.00007 
Testing alpha 10 / 20 :		alpha:  0.55 
	Testing step 19 		lambda:  1.628396 	sum squre error 8.96603 
	Testing step 20 		lambda:  1.132049 	sum squre error 10.02705 
Testing alpha 11 / 20 :		alpha:  0.5 
	Testing step 21 		lambda:  1.628396 	sum squre error 8.951289 
	Testing step 22 		lambda:  1.132049 	sum squre error 9.96387 
Testing alpha 12 / 20 :		alpha:  0.45 
	Testing step 23 		lambda:  1.628396 	sum squre error 8.956589 
	Testing step 24 		lambda:  1.132049 	sum squre error 9.960354 
Testing alpha 13 / 20 :		alpha:  0.4 
	Testing step 25 		lambda:  1.628396 	sum squre error 8.960918 
	Testing step 26 		lambda:  1.132049 	sum squre error 9.940144 
Testing alpha 14 / 20 :		alpha:  0.35 
	Testing step 27 		lambda:  1.628396 	sum squre error 8.974817 
	Testing step 28 		lambda:  1.132049 	sum squre error 9.999195 
Testing alpha 15 / 20 :		alpha:  0.3 
	Testing step 29 		lambda:  1.628396 	sum squre error 9.001368 
	Testing step 30 		lambda:  1.132049 	sum squre error 10.05699 
Testing alpha 16 / 20 :		alpha:  0.25 
	Testing step 31 		lambda:  1.628396 	sum squre error 9.031254 
	Testing step 32 		lambda:  1.132049 	sum squre error 10.03956 
Testing alpha 17 / 20 :		alpha:  0.2 
	Testing step 33 		lambda:  1.628396 	sum squre error 9.038097 
	Testing step 34 		lambda:  1.132049 	sum squre error 10.08604 
Testing alpha 18 / 20 :		alpha:  0.15 
	Testing step 35 		lambda:  1.628396 	sum squre error 9.089331 
	Testing step 36 		lambda:  1.132049 	sum squre error 10.10552 
Testing alpha 19 / 20 :		alpha:  0.1 
	Testing step 37 		lambda:  1.628396 	sum squre error 9.142891 
	Testing step 38 		lambda:  1.132049 	sum squre error 10.28058 
Testing alpha 20 / 20 :		alpha:  0.05 
	Testing step 39 		lambda:  1.628396 	sum squre error 9.203891 
	Testing step 40 		lambda:  1.132049 	sum squre error 10.40749 
Substract the main effect 
Epistatic effect estimated using EBEN 
EB-Elastic Net Linear Model, Epis:  yes ; 5 fold cross-validation
Testing alpha 1 / 20 :		alpha:  1 
	Testing step 1 		lambda:  14.09363 	sum squre error 7.87343 
	Testing step 2 		lambda:  9.797787 	sum squre error 10.59901 
Testing alpha 2 / 20 :		alpha:  0.95 
	Testing step 3 		lambda:  14.09363 	sum squre error 8.362817 
	Testing step 4 		lambda:  9.797787 	sum squre error 9.529303 
Testing alpha 3 / 20 :		alpha:  0.9 
	Testing step 5 		lambda:  14.09363 	sum squre error 8.595202 
	Testing step 6 		lambda:  9.797787 	sum squre error 8.846299 
	Testing step 7 		lambda:  6.811351 	sum squre error 10.30723 
Testing alpha 4 / 20 :		alpha:  0.85 
	Testing step 8 		lambda:  14.09363 	sum squre error 8.939871 
	Testing step 9 		lambda:  9.797787 	sum squre error 8.789352 
	Testing step 10 		lambda:  6.811351 	sum squre error 11.40582 
Testing alpha 5 / 20 :		alpha:  0.8 
	Testing step 11 		lambda:  14.09363 	sum squre error 8.530356 
	Testing step 12 		lambda:  9.797787 	sum squre error 8.855175 
	Testing step 13 		lambda:  6.811351 	sum squre error 10.46091 
Testing alpha 6 / 20 :		alpha:  0.75 
	Testing step 14 		lambda:  14.09363 	sum squre error 8.663289 
	Testing step 15 		lambda:  9.797787 	sum squre error 8.827696 
	Testing step 16 		lambda:  6.811351 	sum squre error 10.83963 
Testing alpha 7 / 20 :		alpha:  0.7 
	Testing step 17 		lambda:  14.09363 	sum squre error 7.717565 
	Testing step 18 		lambda:  9.797787 	sum squre error 9.381999 
Testing alpha 8 / 20 :		alpha:  0.65 
	Testing step 19 		lambda:  14.09363 	sum squre error 9.334807 
	Testing step 20 		lambda:  9.797787 	sum squre error 9.815913 
	Testing step 21 		lambda:  6.811351 	sum squre error 10.51173 
	Testing step 22 		lambda:  4.735202 	sum squre error 10.52842 
	Testing step 23 		lambda:  3.291878 	sum squre error 10.79582 
Testing alpha 9 / 20 :		alpha:  0.6 
	Testing step 24 		lambda:  14.09363 	sum squre error 9.016031 
	Testing step 25 		lambda:  9.797787 	sum squre error 9.271936 
	Testing step 26 		lambda:  6.811351 	sum squre error 10.76627 
Testing alpha 10 / 20 :		alpha:  0.55 
	Testing step 27 		lambda:  14.09363 	sum squre error 7.969409 
	Testing step 28 		lambda:  9.797787 	sum squre error 8.324558 
	Testing step 29 		lambda:  6.811351 	sum squre error 10.11062 
Testing alpha 11 / 20 :		alpha:  0.5 
	Testing step 30 		lambda:  14.09363 	sum squre error 8.512719 
	Testing step 31 		lambda:  9.797787 	sum squre error 9.691047 
Testing alpha 12 / 20 :		alpha:  0.45 
	Testing step 32 		lambda:  14.09363 	sum squre error 7.498503 
	Testing step 33 		lambda:  9.797787 	sum squre error 9.16684 
Testing alpha 13 / 20 :		alpha:  0.4 
	Testing step 34 		lambda:  14.09363 	sum squre error 6.937688 
	Testing step 35 		lambda:  9.797787 	sum squre error 8.62521 
Testing alpha 14 / 20 :		alpha:  0.35 
	Testing step 36 		lambda:  14.09363 	sum squre error 8.180196 
	Testing step 37 		lambda:  9.797787 	sum squre error 9.15713 
Testing alpha 15 / 20 :		alpha:  0.3 
	Testing step 38 		lambda:  14.09363 	sum squre error 8.396097 
	Testing step 39 		lambda:  9.797787 	sum squre error 8.496555 
	Testing step 40 		lambda:  6.811351 	sum squre error 9.567191 
Testing alpha 16 / 20 :		alpha:  0.25 
	Testing step 41 		lambda:  14.09363 	sum squre error 7.803608 
	Testing step 42 		lambda:  9.797787 	sum squre error 8.522009 
Testing alpha 17 / 20 :		alpha:  0.2 
	Testing step 43 		lambda:  14.09363 	sum squre error 8.66072 
	Testing step 44 		lambda:  9.797787 	sum squre error 8.928881 
	Testing step 45 		lambda:  6.811351 	sum squre error 9.952155 
Testing alpha 18 / 20 :		alpha:  0.15 
	Testing step 46 		lambda:  14.09363 	sum squre error 7.937826 
	Testing step 47 		lambda:  9.797787 	sum squre error 8.606688 
	Testing step 48 		lambda:  6.811351 	sum squre error 9.69543 
Testing alpha 19 / 20 :		alpha:  0.1 
	Testing step 49 		lambda:  14.09363 	sum squre error 7.766728 
	Testing step 50 		lambda:  9.797787 	sum squre error 9.83032 
Testing alpha 20 / 20 :		alpha:  0.05 
	Testing step 51 		lambda:  14.09363 	sum squre error 8.611421 
	Testing step 52 		lambda:  9.797787 	sum squre error 8.741404 
	Testing step 53 		lambda:  6.811351 	sum squre error 9.216827 
	Testing step 54 		lambda:  4.735202 	sum squre error 11.3876 
Final run 
EB-Elastic Net Linear Model, Epis:  no ; 5 fold cross-validation
Testing alpha 1 / 20 :		alpha:  1 
	Testing step 1 		lambda:  2.682168 	sum squre error 1.571825 
	Testing step 2 		lambda:  1.864624 	sum squre error 1.654675 
	Testing step 3 		lambda:  1.296273 	sum squre error 1.66164 
	Testing step 4 		lambda:  0.9011598 	sum squre error 1.69597 
Testing alpha 2 / 20 :		alpha:  0.95 
	Testing step 5 		lambda:  2.682168 	sum squre error 1.582331 
	Testing step 6 		lambda:  1.864624 	sum squre error 1.621445 
	Testing step 7 		lambda:  1.296273 	sum squre error 1.669184 
	Testing step 8 		lambda:  0.9011598 	sum squre error 1.73082 
Testing alpha 3 / 20 :		alpha:  0.9 
	Testing step 9 		lambda:  2.682168 	sum squre error 1.522898 
	Testing step 10 		lambda:  1.864624 	sum squre error 1.652465 
	Testing step 11 		lambda:  1.296273 	sum squre error 1.707911 
Testing alpha 4 / 20 :		alpha:  0.85 
	Testing step 12 		lambda:  2.682168 	sum squre error 1.573998 
	Testing step 13 		lambda:  1.864624 	sum squre error 1.56241 
	Testing step 14 		lambda:  1.296273 	sum squre error 1.643623 
	Testing step 15 		lambda:  0.9011598 	sum squre error 1.665482 
	Testing step 16 		lambda:  0.6264798 	sum squre error 1.616783 
	Testing step 17 		lambda:  0.4355243 	sum squre error 1.668557 
	Testing step 18 		lambda:  0.3027733 	sum squre error 1.704577 
Testing alpha 5 / 20 :		alpha:  0.8 
	Testing step 19 		lambda:  2.682168 	sum squre error 1.609378 
	Testing step 20 		lambda:  1.864624 	sum squre error 1.564722 
	Testing step 21 		lambda:  1.296273 	sum squre error 1.648252 
	Testing step 22 		lambda:  0.9011598 	sum squre error 1.637226 
	Testing step 23 		lambda:  0.6264798 	sum squre error 1.655564 
	Testing step 24 		lambda:  0.4355243 	sum squre error 1.666799 
	Testing step 25 		lambda:  0.3027733 	sum squre error 1.743687 
Testing alpha 6 / 20 :		alpha:  0.75 
	Testing step 26 		lambda:  2.682168 	sum squre error 1.591732 
	Testing step 27 		lambda:  1.864624 	sum squre error 1.584434 
	Testing step 28 		lambda:  1.296273 	sum squre error 1.661255 
	Testing step 29 		lambda:  0.9011598 	sum squre error 1.611537 
	Testing step 30 		lambda:  0.6264798 	sum squre error 1.760922 
Testing alpha 7 / 20 :		alpha:  0.7 
	Testing step 31 		lambda:  2.682168 	sum squre error 1.494822 
	Testing step 32 		lambda:  1.864624 	sum squre error 1.651592 
Testing alpha 8 / 20 :		alpha:  0.65 
	Testing step 33 		lambda:  2.682168 	sum squre error 1.497298 
	Testing step 34 		lambda:  1.864624 	sum squre error 1.621923 
	Testing step 35 		lambda:  1.296273 	sum squre error 1.667147 
Testing alpha 9 / 20 :		alpha:  0.6 
	Testing step 36 		lambda:  2.682168 	sum squre error 1.540407 
	Testing step 37 		lambda:  1.864624 	sum squre error 1.562465 
	Testing step 38 		lambda:  1.296273 	sum squre error 1.703557 
Testing alpha 10 / 20 :		alpha:  0.55 
	Testing step 39 		lambda:  2.682168 	sum squre error 1.502754 
	Testing step 40 		lambda:  1.864624 	sum squre error 1.684295 
Testing alpha 11 / 20 :		alpha:  0.5 
	Testing step 41 		lambda:  2.682168 	sum squre error 1.506778 
	Testing step 42 		lambda:  1.864624 	sum squre error 1.617069 
	Testing step 43 		lambda:  1.296273 	sum squre error 1.648072 
	Testing step 44 		lambda:  0.9011598 	sum squre error 1.767232 
Testing alpha 12 / 20 :		alpha:  0.45 
	Testing step 45 		lambda:  2.682168 	sum squre error 1.489215 
	Testing step 46 		lambda:  1.864624 	sum squre error 1.573893 
	Testing step 47 		lambda:  1.296273 	sum squre error 1.666286 
Testing alpha 13 / 20 :		alpha:  0.4 
	Testing step 48 		lambda:  2.682168 	sum squre error 1.536587 
	Testing step 49 		lambda:  1.864624 	sum squre error 1.603043 
	Testing step 50 		lambda:  1.296273 	sum squre error 1.69685 
Testing alpha 14 / 20 :		alpha:  0.35 
	Testing step 51 		lambda:  2.682168 	sum squre error 1.505315 
	Testing step 52 		lambda:  1.864624 	sum squre error 1.596721 
	Testing step 53 		lambda:  1.296273 	sum squre error 1.650276 
Testing alpha 15 / 20 :		alpha:  0.3 
	Testing step 54 		lambda:  2.682168 	sum squre error 1.509431 
	Testing step 55 		lambda:  1.864624 	sum squre error 1.619876 
	Testing step 56 		lambda:  1.296273 	sum squre error 1.63941 
	Testing step 57 		lambda:  0.9011598 	sum squre error 1.676696 
Testing alpha 16 / 20 :		alpha:  0.25 
	Testing step 58 		lambda:  2.682168 	sum squre error 1.51179 
	Testing step 59 		lambda:  1.864624 	sum squre error 1.553673 
	Testing step 60 		lambda:  1.296273 	sum squre error 1.693372 
Testing alpha 17 / 20 :		alpha:  0.2 
	Testing step 61 		lambda:  2.682168 	sum squre error 1.530768 
	Testing step 62 		lambda:  1.864624 	sum squre error 1.648638 
	Testing step 63 		lambda:  1.296273 	sum squre error 1.659441 
	Testing step 64 		lambda:  0.9011598 	sum squre error 1.631085 
	Testing step 65 		lambda:  0.6264798 	sum squre error 1.7264 
Testing alpha 18 / 20 :		alpha:  0.15 
	Testing step 66 		lambda:  2.682168 	sum squre error 1.517619 
	Testing step 67 		lambda:  1.864624 	sum squre error 1.592684 
	Testing step 68 		lambda:  1.296273 	sum squre error 1.706424 
Testing alpha 19 / 20 :		alpha:  0.1 
	Testing step 69 		lambda:  2.682168 	sum squre error 1.535868 
	Testing step 70 		lambda:  1.864624 	sum squre error 1.57135 
	Testing step 71 		lambda:  1.296273 	sum squre error 1.691306 
Testing alpha 20 / 20 :		alpha:  0.05 
	Testing step 72 		lambda:  2.682168 	sum squre error 1.590451 
	Testing step 73 		lambda:  1.864624 	sum squre error 1.599947 
	Testing step 74 		lambda:  1.296273 	sum squre error 1.694705 
	Testing step 75 		lambda:  0.9011598 	sum squre error 1.778284 
	Testing step 76 		lambda:  0.6264798 	sum squre error 1.738768 
	Testing step 77 		lambda:  0.4355243 	sum squre error 1.805311 
Ouput the final result including main and epistatic effect 


Done!