EBEN_train parameters: 
	Workspace: /Users/jchen67/Experiment/EpiML/EpiML/upload_data/1_ns9rX5YX7kwuaR1pbOCb1MlHRLQhtx551542060547.814192 
	x_filename: Geno.txt 
	y_filename: Pheno.txt 
	Category: Gene 
	nFolds: 5 
	Max percentage of missing value: 0.2 
	Seed: 28213 
[1] "x size: (150, 283)"
[1] "y size: (150, 1)"
Filter data with missing data 
Main effect estimated using EBEN 
EB-Elastic Net Linear Model, Epis:  no ; 5 fold cross-validation
Testing alpha 1 / 20 :		alpha:  1 
	Testing step 1 		lambda:  4.224166 	sum squre error 1238.433 
	Testing step 2 		lambda:  2.93661 	sum squre error 1228.466 
	Testing step 3 		lambda:  2.04151 	sum squre error 1220.286 
	Testing step 4 		lambda:  1.419243 	sum squre error 1209.675 
	Testing step 5 		lambda:  0.9866475 	sum squre error 1198.984 
	Testing step 6 		lambda:  0.6859102 	sum squre error 1181.07 
	Testing step 7 		lambda:  0.4768399 	sum squre error 1170.406 
	Testing step 8 		lambda:  0.3314956 	sum squre error 1181.495 
	Testing step 9 		lambda:  0.2304534 	sum squre error 1289.758 
Testing alpha 2 / 20 :		alpha:  0.95 
	Testing step 10 		lambda:  4.224166 	sum squre error 1273.287 
	Testing step 11 		lambda:  2.93661 	sum squre error 1272.28 
	Testing step 12 		lambda:  2.04151 	sum squre error 1262.079 
	Testing step 13 		lambda:  1.419243 	sum squre error 1250.074 
	Testing step 14 		lambda:  0.9866475 	sum squre error 1236.498 
	Testing step 15 		lambda:  0.6859102 	sum squre error 1221.826 
	Testing step 16 		lambda:  0.4768399 	sum squre error 1200.8 
	Testing step 17 		lambda:  0.3314956 	sum squre error 1203.845 
	Testing step 18 		lambda:  0.2304534 	sum squre error 1293.722 
	Testing step 19 		lambda:  0.1602095 	sum squre error 1236.155 
	Testing step 20 		lambda:  0.1113765 	sum squre error 1185.663 
	Testing step 21 		lambda:  0.07742815 	sum squre error 1114.39 
	Testing step 22 		lambda:  0.05382749 	sum squre error 1104.84 
	Testing step 23 		lambda:  0.03742048 	sum squre error 1101.544 
	Testing step 24 		lambda:  0.02601445 	sum squre error 1325.696 
Testing alpha 3 / 20 :		alpha:  0.9 
	Testing step 25 		lambda:  4.224166 	sum squre error 1277.634 
	Testing step 26 		lambda:  2.93661 	sum squre error 1267.464 
	Testing step 27 		lambda:  2.04151 	sum squre error 1269.203 
	Testing step 28 		lambda:  1.419243 	sum squre error 1267.068 
	Testing step 29 		lambda:  0.9866475 	sum squre error 1255.161 
	Testing step 30 		lambda:  0.6859102 	sum squre error 1241.239 
	Testing step 31 		lambda:  0.4768399 	sum squre error 1225.734 
	Testing step 32 		lambda:  0.3314956 	sum squre error 1220.412 
	Testing step 33 		lambda:  0.2304534 	sum squre error 1290.025 
	Testing step 34 		lambda:  0.1602095 	sum squre error 1239.538 
	Testing step 35 		lambda:  0.1113765 	sum squre error 1194.991 
	Testing step 36 		lambda:  0.07742815 	sum squre error 1134.903 
	Testing step 37 		lambda:  0.05382749 	sum squre error 1095.139 
	Testing step 38 		lambda:  0.03742048 	sum squre error 1100.596 
	Testing step 39 		lambda:  0.02601445 	sum squre error 1297.315 
Testing alpha 4 / 20 :		alpha:  0.85 
	Testing step 40 		lambda:  4.224166 	sum squre error 1285.459 
	Testing step 41 		lambda:  2.93661 	sum squre error 1277.423 
	Testing step 42 		lambda:  2.04151 	sum squre error 1270.853 
	Testing step 43 		lambda:  1.419243 	sum squre error 1268.508 
	Testing step 44 		lambda:  0.9866475 	sum squre error 1266.083 
	Testing step 45 		lambda:  0.6859102 	sum squre error 1253.593 
	Testing step 46 		lambda:  0.4768399 	sum squre error 1238.932 
	Testing step 47 		lambda:  0.3314956 	sum squre error 1232.531 
	Testing step 48 		lambda:  0.2304534 	sum squre error 1295.7 
	Testing step 49 		lambda:  0.1602095 	sum squre error 1242.878 
	Testing step 50 		lambda:  0.1113765 	sum squre error 1193.444 
	Testing step 51 		lambda:  0.07742815 	sum squre error 1135.916 
	Testing step 52 		lambda:  0.05382749 	sum squre error 1106.983 
	Testing step 53 		lambda:  0.03742048 	sum squre error 1100.32 
	Testing step 54 		lambda:  0.02601445 	sum squre error 1240.746 
Testing alpha 5 / 20 :		alpha:  0.8 
	Testing step 55 		lambda:  4.224166 	sum squre error 1289.976 
	Testing step 56 		lambda:  2.93661 	sum squre error 1283.365 
	Testing step 57 		lambda:  2.04151 	sum squre error 1274.594 
	Testing step 58 		lambda:  1.419243 	sum squre error 1271.012 
	Testing step 59 		lambda:  0.9866475 	sum squre error 1273.213 
	Testing step 60 		lambda:  0.6859102 	sum squre error 1262.077 
	Testing step 61 		lambda:  0.4768399 	sum squre error 1248.526 
	Testing step 62 		lambda:  0.3314956 	sum squre error 1232.805 
	Testing step 63 		lambda:  0.2304534 	sum squre error 1296.804 
	Testing step 64 		lambda:  0.1602095 	sum squre error 1246.929 
	Testing step 65 		lambda:  0.1113765 	sum squre error 1197.451 
	Testing step 66 		lambda:  0.07742815 	sum squre error 1152.059 
	Testing step 67 		lambda:  0.05382749 	sum squre error 1110.277 
	Testing step 68 		lambda:  0.03742048 	sum squre error 1102.516 
	Testing step 69 		lambda:  0.02601445 	sum squre error 1230.721 
Testing alpha 6 / 20 :		alpha:  0.75 
	Testing step 70 		lambda:  4.224166 	sum squre error 1291.004 
	Testing step 71 		lambda:  2.93661 	sum squre error 1284.658 
	Testing step 72 		lambda:  2.04151 	sum squre error 1276.137 
	Testing step 73 		lambda:  1.419243 	sum squre error 1269.813 
	Testing step 74 		lambda:  0.9866475 	sum squre error 1265.799 
	Testing step 75 		lambda:  0.6859102 	sum squre error 1268.243 
	Testing step 76 		lambda:  0.4768399 	sum squre error 1255.779 
	Testing step 77 		lambda:  0.3314956 	sum squre error 1240.87 
	Testing step 78 		lambda:  0.2304534 	sum squre error 1295.854 
	Testing step 79 		lambda:  0.1602095 	sum squre error 1247.51 
	Testing step 80 		lambda:  0.1113765 	sum squre error 1197.301 
	Testing step 81 		lambda:  0.07742815 	sum squre error 1149.212 
	Testing step 82 		lambda:  0.05382749 	sum squre error 1103.005 
	Testing step 83 		lambda:  0.03742048 	sum squre error 1101.22 
	Testing step 84 		lambda:  0.02601445 	sum squre error 1223.595 
Testing alpha 7 / 20 :		alpha:  0.7 
	Testing step 85 		lambda:  4.224166 	sum squre error 1293.342 
	Testing step 86 		lambda:  2.93661 	sum squre error 1287.829 
	Testing step 87 		lambda:  2.04151 	sum squre error 1280.342 
	Testing step 88 		lambda:  1.419243 	sum squre error 1270.387 
	Testing step 89 		lambda:  0.9866475 	sum squre error 1270.896 
	Testing step 90 		lambda:  0.6859102 	sum squre error 1272.918 
	Testing step 91 		lambda:  0.4768399 	sum squre error 1261.439 
	Testing step 92 		lambda:  0.3314956 	sum squre error 1272.535 
	Testing step 93 		lambda:  0.2304534 	sum squre error 1294.839 
	Testing step 94 		lambda:  0.1602095 	sum squre error 1248.906 
	Testing step 95 		lambda:  0.1113765 	sum squre error 1179.479 
	Testing step 96 		lambda:  0.07742815 	sum squre error 1153.335 
	Testing step 97 		lambda:  0.05382749 	sum squre error 1112.499 
	Testing step 98 		lambda:  0.03742048 	sum squre error 1100.935 
	Testing step 99 		lambda:  0.02601445 	sum squre error 1219.368 
Testing alpha 8 / 20 :		alpha:  0.65 
	Testing step 100 		lambda:  4.224166 	sum squre error 1295.076 
	Testing step 101 		lambda:  2.93661 	sum squre error 1290.202 
	Testing step 102 		lambda:  2.04151 	sum squre error 1283.53 
	Testing step 103 		lambda:  1.419243 	sum squre error 1274.561 
	Testing step 104 		lambda:  0.9866475 	sum squre error 1262.803 
	Testing step 105 		lambda:  0.6859102 	sum squre error 1268.879 
	Testing step 106 		lambda:  0.4768399 	sum squre error 1265.973 
	Testing step 107 		lambda:  0.3314956 	sum squre error 1281.551 
	Testing step 108 		lambda:  0.2304534 	sum squre error 1293.716 
	Testing step 109 		lambda:  0.1602095 	sum squre error 1243.509 
	Testing step 110 		lambda:  0.1113765 	sum squre error 1171.183 
	Testing step 111 		lambda:  0.07742815 	sum squre error 1164.007 
	Testing step 112 		lambda:  0.05382749 	sum squre error 1113.392 
	Testing step 113 		lambda:  0.03742048 	sum squre error 1102.824 
	Testing step 114 		lambda:  0.02601445 	sum squre error 1215.336 
Testing alpha 9 / 20 :		alpha:  0.6 
	Testing step 115 		lambda:  4.224166 	sum squre error 1296.412 
	Testing step 116 		lambda:  2.93661 	sum squre error 1292.046 
	Testing step 117 		lambda:  2.04151 	sum squre error 1286.029 
	Testing step 118 		lambda:  1.419243 	sum squre error 1277.874 
	Testing step 119 		lambda:  0.9866475 	sum squre error 1267.064 
	Testing step 120 		lambda:  0.6859102 	sum squre error 1261.485 
	Testing step 121 		lambda:  0.4768399 	sum squre error 1270.763 
	Testing step 122 		lambda:  0.3314956 	sum squre error 1282.825 
	Testing step 123 		lambda:  0.2304534 	sum squre error 1291.523 
	Testing step 124 		lambda:  0.1602095 	sum squre error 1244.336 
	Testing step 125 		lambda:  0.1113765 	sum squre error 1180.104 
	Testing step 126 		lambda:  0.07742815 	sum squre error 1157.172 
	Testing step 127 		lambda:  0.05382749 	sum squre error 1114.06 
	Testing step 128 		lambda:  0.03742048 	sum squre error 1105.563 
	Testing step 129 		lambda:  0.02601445 	sum squre error 1214.806 
	Testing step 130 		lambda:  0.01808506 	sum squre error 1475.879 
Testing alpha 10 / 20 :		alpha:  0.55 
	Testing step 131 		lambda:  4.224166 	sum squre error 1297.473 
	Testing step 132 		lambda:  2.93661 	sum squre error 1293.518 
	Testing step 133 		lambda:  2.04151 	sum squre error 1288.04 
	Testing step 134 		lambda:  1.419243 	sum squre error 1280.565 
	Testing step 135 		lambda:  0.9866475 	sum squre error 1270.568 
	Testing step 136 		lambda:  0.6859102 	sum squre error 1265.266 
	Testing step 137 		lambda:  0.4768399 	sum squre error 1273.751 
	Testing step 138 		lambda:  0.3314956 	sum squre error 1283.804 
	Testing step 139 		lambda:  0.2304534 	sum squre error 1284.644 
	Testing step 140 		lambda:  0.1602095 	sum squre error 1222.151 
	Testing step 141 		lambda:  0.1113765 	sum squre error 1210.775 
	Testing step 142 		lambda:  0.07742815 	sum squre error 1158.95 
	Testing step 143 		lambda:  0.05382749 	sum squre error 1115.132 
	Testing step 144 		lambda:  0.03742048 	sum squre error 1107.368 
	Testing step 145 		lambda:  0.02601445 	sum squre error 1209.04 
	Testing step 146 		lambda:  0.01808506 	sum squre error 1468.593 
Testing alpha 11 / 20 :		alpha:  0.5 
	Testing step 147 		lambda:  4.224166 	sum squre error 1298.897 
	Testing step 148 		lambda:  2.93661 	sum squre error 1294.72 
	Testing step 149 		lambda:  2.04151 	sum squre error 1289.693 
	Testing step 150 		lambda:  1.419243 	sum squre error 1282.794 
	Testing step 151 		lambda:  0.9866475 	sum squre error 1273.5 
	Testing step 152 		lambda:  0.6859102 	sum squre error 1265.142 
	Testing step 153 		lambda:  0.4768399 	sum squre error 1276.266 
	Testing step 154 		lambda:  0.3314956 	sum squre error 1275.254 
	Testing step 155 		lambda:  0.2304534 	sum squre error 1287.255 
	Testing step 156 		lambda:  0.1602095 	sum squre error 1249.724 
	Testing step 157 		lambda:  0.1113765 	sum squre error 1190.528 
	Testing step 158 		lambda:  0.07742815 	sum squre error 1158.362 
	Testing step 159 		lambda:  0.05382749 	sum squre error 1114.902 
	Testing step 160 		lambda:  0.03742048 	sum squre error 1110.017 
	Testing step 161 		lambda:  0.02601445 	sum squre error 1214.107 
	Testing step 162 		lambda:  0.01808506 	sum squre error 1460.529 
Testing alpha 12 / 20 :		alpha:  0.45 
	Testing step 163 		lambda:  4.224166 	sum squre error 1299.566 
	Testing step 164 		lambda:  2.93661 	sum squre error 1295.721 
	Testing step 165 		lambda:  2.04151 	sum squre error 1291.074 
	Testing step 166 		lambda:  1.419243 	sum squre error 1284.669 
	Testing step 167 		lambda:  0.9866475 	sum squre error 1275.987 
	Testing step 168 		lambda:  0.6859102 	sum squre error 1264.489 
	Testing step 169 		lambda:  0.4768399 	sum squre error 1258.352 
	Testing step 170 		lambda:  0.3314956 	sum squre error 1276.95 
	Testing step 171 		lambda:  0.2304534 	sum squre error 1285.928 
	Testing step 172 		lambda:  0.1602095 	sum squre error 1243.011 
	Testing step 173 		lambda:  0.1113765 	sum squre error 1182.316 
	Testing step 174 		lambda:  0.07742815 	sum squre error 1165.921 
	Testing step 175 		lambda:  0.05382749 	sum squre error 1115.474 
	Testing step 176 		lambda:  0.03742048 	sum squre error 1112.868 
	Testing step 177 		lambda:  0.02601445 	sum squre error 1214.443 
	Testing step 178 		lambda:  0.01808506 	sum squre error 1416.882 
Testing alpha 13 / 20 :		alpha:  0.4 
	Testing step 179 		lambda:  4.224166 	sum squre error 1300.129 
	Testing step 180 		lambda:  2.93661 	sum squre error 1296.565 
	Testing step 181 		lambda:  2.04151 	sum squre error 1292.245 
	Testing step 182 		lambda:  1.419243 	sum squre error 1286.267 
	Testing step 183 		lambda:  0.9866475 	sum squre error 1278.122 
	Testing step 184 		lambda:  0.6859102 	sum squre error 1267.26 
	Testing step 185 		lambda:  0.4768399 	sum squre error 1261.207 
	Testing step 186 		lambda:  0.3314956 	sum squre error 1277.91 
	Testing step 187 		lambda:  0.2304534 	sum squre error 1283.895 
	Testing step 188 		lambda:  0.1602095 	sum squre error 1242.845 
	Testing step 189 		lambda:  0.1113765 	sum squre error 1207.826 
	Testing step 190 		lambda:  0.07742815 	sum squre error 1158.348 
	Testing step 191 		lambda:  0.05382749 	sum squre error 1115.093 
	Testing step 192 		lambda:  0.03742048 	sum squre error 1115.856 
	Testing step 193 		lambda:  0.02601445 	sum squre error 1215.568 
	Testing step 194 		lambda:  0.01808506 	sum squre error 1412.966 
Testing alpha 14 / 20 :		alpha:  0.35 
	Testing step 195 		lambda:  4.224166 	sum squre error 1300.608 
	Testing step 196 		lambda:  2.93661 	sum squre error 1297.288 
	Testing step 197 		lambda:  2.04151 	sum squre error 1293.25 
	Testing step 198 		lambda:  1.419243 	sum squre error 1287.645 
	Testing step 199 		lambda:  0.9866475 	sum squre error 1279.973 
	Testing step 200 		lambda:  0.6859102 	sum squre error 1269.681 
	Testing step 201 		lambda:  0.4768399 	sum squre error 1263.696 
	Testing step 202 		lambda:  0.3314956 	sum squre error 1278.192 
	Testing step 203 		lambda:  0.2304534 	sum squre error 1282.257 
	Testing step 204 		lambda:  0.1602095 	sum squre error 1248.727 
	Testing step 205 		lambda:  0.1113765 	sum squre error 1209.956 
	Testing step 206 		lambda:  0.07742815 	sum squre error 1158.449 
	Testing step 207 		lambda:  0.05382749 	sum squre error 1114.378 
	Testing step 208 		lambda:  0.03742048 	sum squre error 1118.878 
	Testing step 209 		lambda:  0.02601445 	sum squre error 1221.932 
Testing alpha 15 / 20 :		alpha:  0.3 
	Testing step 210 		lambda:  4.224166 	sum squre error 1301.022 
	Testing step 211 		lambda:  2.93661 	sum squre error 1297.912 
	Testing step 212 		lambda:  2.04151 	sum squre error 1294.121 
	Testing step 213 		lambda:  1.419243 	sum squre error 1288.844 
	Testing step 214 		lambda:  0.9866475 	sum squre error 1281.592 
	Testing step 215 		lambda:  0.6859102 	sum squre error 1271.813 
	Testing step 216 		lambda:  0.4768399 	sum squre error 1265.801 
	Testing step 217 		lambda:  0.3314956 	sum squre error 1278.084 
	Testing step 218 		lambda:  0.2304534 	sum squre error 1266.532 
	Testing step 219 		lambda:  0.1602095 	sum squre error 1247.992 
	Testing step 220 		lambda:  0.1113765 	sum squre error 1195.314 
	Testing step 221 		lambda:  0.07742815 	sum squre error 1164.937 
	Testing step 222 		lambda:  0.05382749 	sum squre error 1114.841 
	Testing step 223 		lambda:  0.03742048 	sum squre error 1125.182 
	Testing step 224 		lambda:  0.02601445 	sum squre error 1223.299 
Testing alpha 16 / 20 :		alpha:  0.25 
	Testing step 225 		lambda:  4.224166 	sum squre error 1301.382 
	Testing step 226 		lambda:  2.93661 	sum squre error 1298.456 
	Testing step 227 		lambda:  2.04151 	sum squre error 1294.883 
	Testing step 228 		lambda:  1.419243 	sum squre error 1289.895 
	Testing step 229 		lambda:  0.9866475 	sum squre error 1283.018 
	Testing step 230 		lambda:  0.6859102 	sum squre error 1273.701 
	Testing step 231 		lambda:  0.4768399 	sum squre error 1267.664 
	Testing step 232 		lambda:  0.3314956 	sum squre error 1278.37 
	Testing step 233 		lambda:  0.2304534 	sum squre error 1278.24 
	Testing step 234 		lambda:  0.1602095 	sum squre error 1232.776 
	Testing step 235 		lambda:  0.1113765 	sum squre error 1194.762 
	Testing step 236 		lambda:  0.07742815 	sum squre error 1165.124 
	Testing step 237 		lambda:  0.05382749 	sum squre error 1113.613 
	Testing step 238 		lambda:  0.03742048 	sum squre error 1127.088 
	Testing step 239 		lambda:  0.02601445 	sum squre error 1226.88 
Testing alpha 17 / 20 :		alpha:  0.2 
	Testing step 240 		lambda:  4.224166 	sum squre error 1301.697 
	Testing step 241 		lambda:  2.93661 	sum squre error 1298.933 
	Testing step 242 		lambda:  2.04151 	sum squre error 1295.553 
	Testing step 243 		lambda:  1.419243 	sum squre error 1290.822 
	Testing step 244 		lambda:  0.9866475 	sum squre error 1284.281 
	Testing step 245 		lambda:  0.6859102 	sum squre error 1275.382 
	Testing step 246 		lambda:  0.4768399 	sum squre error 1269.313 
	Testing step 247 		lambda:  0.3314956 	sum squre error 1301.297 
	Testing step 248 		lambda:  0.2304534 	sum squre error 1275.977 
	Testing step 249 		lambda:  0.1602095 	sum squre error 1227.222 
	Testing step 250 		lambda:  0.1113765 	sum squre error 1207.41 
	Testing step 251 		lambda:  0.07742815 	sum squre error 1162.121 
	Testing step 252 		lambda:  0.05382749 	sum squre error 1112.204 
	Testing step 253 		lambda:  0.03742048 	sum squre error 1130.755 
	Testing step 254 		lambda:  0.02601445 	sum squre error 1235.14 
Testing alpha 18 / 20 :		alpha:  0.15 
	Testing step 255 		lambda:  4.224166 	sum squre error 1301.974 
	Testing step 256 		lambda:  2.93661 	sum squre error 1299.354 
	Testing step 257 		lambda:  2.04151 	sum squre error 1296.145 
	Testing step 258 		lambda:  1.419243 	sum squre error 1291.644 
	Testing step 259 		lambda:  0.9866475 	sum squre error 1285.404 
	Testing step 260 		lambda:  0.6859102 	sum squre error 1279.468 
	Testing step 261 		lambda:  0.4768399 	sum squre error 1275.362 
	Testing step 262 		lambda:  0.3314956 	sum squre error 1300.055 
	Testing step 263 		lambda:  0.2304534 	sum squre error 1267.925 
	Testing step 264 		lambda:  0.1602095 	sum squre error 1226.977 
	Testing step 265 		lambda:  0.1113765 	sum squre error 1179.891 
	Testing step 266 		lambda:  0.07742815 	sum squre error 1159.96 
	Testing step 267 		lambda:  0.05382749 	sum squre error 1110.843 
	Testing step 268 		lambda:  0.03742048 	sum squre error 1136.414 
	Testing step 269 		lambda:  0.02601445 	sum squre error 1239.946 
Testing alpha 19 / 20 :		alpha:  0.1 
	Testing step 270 		lambda:  4.224166 	sum squre error 1302.218 
	Testing step 271 		lambda:  2.93661 	sum squre error 1299.726 
	Testing step 272 		lambda:  2.04151 	sum squre error 1296.668 
	Testing step 273 		lambda:  1.419243 	sum squre error 1292.373 
	Testing step 274 		lambda:  0.9866475 	sum squre error 1286.402 
	Testing step 275 		lambda:  0.6859102 	sum squre error 1280.595 
	Testing step 276 		lambda:  0.4768399 	sum squre error 1281.335 
	Testing step 277 		lambda:  0.3314956 	sum squre error 1297.706 
	Testing step 278 		lambda:  0.2304534 	sum squre error 1266.241 
	Testing step 279 		lambda:  0.1602095 	sum squre error 1211.658 
	Testing step 280 		lambda:  0.1113765 	sum squre error 1188.883 
	Testing step 281 		lambda:  0.07742815 	sum squre error 1156.101 
	Testing step 282 		lambda:  0.05382749 	sum squre error 1110.355 
	Testing step 283 		lambda:  0.03742048 	sum squre error 1144.788 
	Testing step 284 		lambda:  0.02601445 	sum squre error 1246.85 
Testing alpha 20 / 20 :		alpha:  0.05 
	Testing step 285 		lambda:  4.224166 	sum squre error 1302.431 
	Testing step 286 		lambda:  2.93661 	sum squre error 1300.052 
	Testing step 287 		lambda:  2.04151 	sum squre error 1297.128 
	Testing step 288 		lambda:  1.419243 	sum squre error 1293.014 
	Testing step 289 		lambda:  0.9866475 	sum squre error 1287.28 
	Testing step 290 		lambda:  0.6859102 	sum squre error 1281.572 
	Testing step 291 		lambda:  0.4768399 	sum squre error 1291.849 
	Testing step 292 		lambda:  0.3314956 	sum squre error 1295.032 
	Testing step 293 		lambda:  0.2304534 	sum squre error 1268.709 
	Testing step 294 		lambda:  0.1602095 	sum squre error 1233.724 
	Testing step 295 		lambda:  0.1113765 	sum squre error 1195.442 
	Testing step 296 		lambda:  0.07742815 	sum squre error 1151.072 
	Testing step 297 		lambda:  0.05382749 	sum squre error 1110.164 
	Testing step 298 		lambda:  0.03742048 	sum squre error 1151.245 
	Testing step 299 		lambda:  0.02601445 	sum squre error 1260.685 
Subtract the main effect 
Epistatic effect estimated using EBEN 
EB-Elastic Net Linear Model, Epis:  yes ; 5 fold cross-validation
Testing alpha 1 / 20 :		alpha:  1 
	Testing step 1 		lambda:  361.1957 	sum squre error 1144.695 
	Testing step 2 		lambda:  251.1006 	sum squre error 1141.709 
	Testing step 3 		lambda:  174.5634 	sum squre error 1138.183 
	Testing step 4 		lambda:  121.3552 	sum squre error 1141.29 
	Testing step 5 		lambda:  84.36526 	sum squre error 1138.084 
	Testing step 6 		lambda:  58.65012 	sum squre error 1134.333 
	Testing step 7 		lambda:  40.77314 	sum squre error 1129.967 
	Testing step 8 		lambda:  28.34519 	sum squre error 1114.841 
	Testing step 9 		lambda:  19.70537 	sum squre error 1100.54 
	Testing step 10 		lambda:  13.69903 	sum squre error 1101.883 
	Testing step 11 		lambda:  9.52347 	sum squre error 1092.727 
	Testing step 12 		lambda:  6.620648 	sum squre error 1082.593 
	Testing step 13 		lambda:  4.602626 	sum squre error 1095.901 
	Testing step 14 		lambda:  3.199713 	sum squre error 1087.777 
	Testing step 15 		lambda:  2.224417 	sum squre error 1111.929 
	Testing step 16 		lambda:  1.546399 	sum squre error 1107.755 
	Testing step 17 		lambda:  1.075045 	sum squre error 1103.853 
	Testing step 18 		lambda:  0.7473638 	sum squre error 1100.359 
	Testing step 19 		lambda:  0.5195619 	sum squre error 1143.218 
	Testing step 20 		lambda:  0.3611957 	sum squre error 1120.57 
Testing alpha 2 / 20 :		alpha:  0.95 
	Testing step 21 		lambda:  361.1957 	sum squre error 1158.658 
	Testing step 22 		lambda:  251.1006 	sum squre error 1158.658 
	Testing step 23 		lambda:  174.5634 	sum squre error 1158.658 
	Testing step 24 		lambda:  121.3552 	sum squre error 1158.658 
	Testing step 25 		lambda:  84.36526 	sum squre error 1158.658 
	Testing step 26 		lambda:  58.65012 	sum squre error 1158.658 
	Testing step 27 		lambda:  40.77314 	sum squre error 1158.658 
	Testing step 28 		lambda:  28.34519 	sum squre error 1158.658 
	Testing step 29 		lambda:  19.70537 	sum squre error 1158.658 
	Testing step 30 		lambda:  13.69903 	sum squre error 1158.658 
	Testing step 31 		lambda:  9.52347 	sum squre error 1158.658 
	Testing step 32 		lambda:  6.620648 	sum squre error 1158.658 
	Testing step 33 		lambda:  4.602626 	sum squre error 1158.658 
	Testing step 34 		lambda:  3.199713 	sum squre error 1150.58 
	Testing step 35 		lambda:  2.224417 	sum squre error 1143.451 
	Testing step 36 		lambda:  1.546399 	sum squre error 1118.998 
	Testing step 37 		lambda:  1.075045 	sum squre error 1133.343 
	Testing step 38 		lambda:  0.7473638 	sum squre error 1127.51 
	Testing step 39 		lambda:  0.5195619 	sum squre error 1121.84 
	Testing step 40 		lambda:  0.3611957 	sum squre error 1131.247 
Testing alpha 3 / 20 :		alpha:  0.9 
	Testing step 41 		lambda:  361.1957 	sum squre error 1158.658 
	Testing step 42 		lambda:  251.1006 	sum squre error 1158.658 
	Testing step 43 		lambda:  174.5634 	sum squre error 1158.658 
	Testing step 44 		lambda:  121.3552 	sum squre error 1158.658 
	Testing step 45 		lambda:  84.36526 	sum squre error 1158.658 
	Testing step 46 		lambda:  58.65012 	sum squre error 1158.658 
	Testing step 47 		lambda:  40.77314 	sum squre error 1158.658 
	Testing step 48 		lambda:  28.34519 	sum squre error 1158.658 
	Testing step 49 		lambda:  19.70537 	sum squre error 1158.658 
	Testing step 50 		lambda:  13.69903 	sum squre error 1158.658 
	Testing step 51 		lambda:  9.52347 	sum squre error 1158.658 
	Testing step 52 		lambda:  6.620648 	sum squre error 1158.658 
	Testing step 53 		lambda:  4.602626 	sum squre error 1158.658 
	Testing step 54 		lambda:  3.199713 	sum squre error 1158.658 
	Testing step 55 		lambda:  2.224417 	sum squre error 1158.658 
	Testing step 56 		lambda:  1.546399 	sum squre error 1149.5 
	Testing step 57 		lambda:  1.075045 	sum squre error 1141.129 
	Testing step 58 		lambda:  0.7473638 	sum squre error 1135.355 
	Testing step 59 		lambda:  0.5195619 	sum squre error 1126.357 
	Testing step 60 		lambda:  0.3611957 	sum squre error 1134.525 
Testing alpha 4 / 20 :		alpha:  0.85 
	Testing step 61 		lambda:  361.1957 	sum squre error 1158.658 
	Testing step 62 		lambda:  251.1006 	sum squre error 1158.658 
	Testing step 63 		lambda:  174.5634 	sum squre error 1158.658 
	Testing step 64 		lambda:  121.3552 	sum squre error 1158.658 
	Testing step 65 		lambda:  84.36526 	sum squre error 1158.658 
	Testing step 66 		lambda:  58.65012 	sum squre error 1158.658 
	Testing step 67 		lambda:  40.77314 	sum squre error 1158.658 
	Testing step 68 		lambda:  28.34519 	sum squre error 1158.658 
	Testing step 69 		lambda:  19.70537 	sum squre error 1158.658 
	Testing step 70 		lambda:  13.69903 	sum squre error 1158.658 
	Testing step 71 		lambda:  9.52347 	sum squre error 1158.658 
	Testing step 72 		lambda:  6.620648 	sum squre error 1158.658 
	Testing step 73 		lambda:  4.602626 	sum squre error 1158.658 
	Testing step 74 		lambda:  3.199713 	sum squre error 1158.658 
	Testing step 75 		lambda:  2.224417 	sum squre error 1158.658 
	Testing step 76 		lambda:  1.546399 	sum squre error 1158.658 
	Testing step 77 		lambda:  1.075045 	sum squre error 1149.362 
	Testing step 78 		lambda:  0.7473638 	sum squre error 1140.665 
	Testing step 79 		lambda:  0.5195619 	sum squre error 1131.813 
	Testing step 80 		lambda:  0.3611957 	sum squre error 1147.426 
Testing alpha 5 / 20 :		alpha:  0.8 
	Testing step 81 		lambda:  361.1957 	sum squre error 1158.658 
	Testing step 82 		lambda:  251.1006 	sum squre error 1158.658 
	Testing step 83 		lambda:  174.5634 	sum squre error 1158.658 
	Testing step 84 		lambda:  121.3552 	sum squre error 1158.658 
	Testing step 85 		lambda:  84.36526 	sum squre error 1158.658 
	Testing step 86 		lambda:  58.65012 	sum squre error 1158.658 
	Testing step 87 		lambda:  40.77314 	sum squre error 1158.658 
	Testing step 88 		lambda:  28.34519 	sum squre error 1158.658 
	Testing step 89 		lambda:  19.70537 	sum squre error 1158.658 
	Testing step 90 		lambda:  13.69903 	sum squre error 1158.658 
	Testing step 91 		lambda:  9.52347 	sum squre error 1158.658 
	Testing step 92 		lambda:  6.620648 	sum squre error 1158.658 
	Testing step 93 		lambda:  4.602626 	sum squre error 1158.658 
	Testing step 94 		lambda:  3.199713 	sum squre error 1158.658 
	Testing step 95 		lambda:  2.224417 	sum squre error 1158.658 
	Testing step 96 		lambda:  1.546399 	sum squre error 1158.658 
	Testing step 97 		lambda:  1.075045 	sum squre error 1158.658 
	Testing step 98 		lambda:  0.7473638 	sum squre error 1158.658 
	Testing step 99 		lambda:  0.5195619 	sum squre error 1136.543 
	Testing step 100 		lambda:  0.3611957 	sum squre error 1147.752 
Testing alpha 6 / 20 :		alpha:  0.75 
	Testing step 101 		lambda:  361.1957 	sum squre error 1158.658 
	Testing step 102 		lambda:  251.1006 	sum squre error 1158.658 
	Testing step 103 		lambda:  174.5634 	sum squre error 1158.658 
	Testing step 104 		lambda:  121.3552 	sum squre error 1158.658 
	Testing step 105 		lambda:  84.36526 	sum squre error 1158.658 
	Testing step 106 		lambda:  58.65012 	sum squre error 1158.658 
	Testing step 107 		lambda:  40.77314 	sum squre error 1158.658 
	Testing step 108 		lambda:  28.34519 	sum squre error 1158.658 
	Testing step 109 		lambda:  19.70537 	sum squre error 1158.658 
	Testing step 110 		lambda:  13.69903 	sum squre error 1158.658 
	Testing step 111 		lambda:  9.52347 	sum squre error 1158.658 
	Testing step 112 		lambda:  6.620648 	sum squre error 1158.658 
	Testing step 113 		lambda:  4.602626 	sum squre error 1158.658 
	Testing step 114 		lambda:  3.199713 	sum squre error 1158.658 
	Testing step 115 		lambda:  2.224417 	sum squre error 1158.658 
	Testing step 116 		lambda:  1.546399 	sum squre error 1158.658 
	Testing step 117 		lambda:  1.075045 	sum squre error 1158.658 
	Testing step 118 		lambda:  0.7473638 	sum squre error 1146.105 
	Testing step 119 		lambda:  0.5195619 	sum squre error 1156.512 
	Testing step 120 		lambda:  0.3611957 	sum squre error 1147.849 
Testing alpha 7 / 20 :		alpha:  0.7 
	Testing step 121 		lambda:  361.1957 	sum squre error 1158.658 
	Testing step 122 		lambda:  251.1006 	sum squre error 1158.658 
	Testing step 123 		lambda:  174.5634 	sum squre error 1158.658 
	Testing step 124 		lambda:  121.3552 	sum squre error 1158.658 
	Testing step 125 		lambda:  84.36526 	sum squre error 1158.658 
	Testing step 126 		lambda:  58.65012 	sum squre error 1158.658 
	Testing step 127 		lambda:  40.77314 	sum squre error 1158.658 
	Testing step 128 		lambda:  28.34519 	sum squre error 1158.658 
	Testing step 129 		lambda:  19.70537 	sum squre error 1158.658 
	Testing step 130 		lambda:  13.69903 	sum squre error 1158.658 
	Testing step 131 		lambda:  9.52347 	sum squre error 1158.658 
	Testing step 132 		lambda:  6.620648 	sum squre error 1158.658 
	Testing step 133 		lambda:  4.602626 	sum squre error 1158.658 
	Testing step 134 		lambda:  3.199713 	sum squre error 1158.658 
	Testing step 135 		lambda:  2.224417 	sum squre error 1158.658 
	Testing step 136 		lambda:  1.546399 	sum squre error 1158.658 
	Testing step 137 		lambda:  1.075045 	sum squre error 1158.658 
	Testing step 138 		lambda:  0.7473638 	sum squre error 1158.658 
	Testing step 139 		lambda:  0.5195619 	sum squre error 1156.666 
	Testing step 140 		lambda:  0.3611957 	sum squre error 1147.76 
Testing alpha 8 / 20 :		alpha:  0.65 
	Testing step 141 		lambda:  361.1957 	sum squre error 1158.658 
	Testing step 142 		lambda:  251.1006 	sum squre error 1158.658 
	Testing step 143 		lambda:  174.5634 	sum squre error 1158.658 
	Testing step 144 		lambda:  121.3552 	sum squre error 1158.658 
	Testing step 145 		lambda:  84.36526 	sum squre error 1158.658 
	Testing step 146 		lambda:  58.65012 	sum squre error 1158.658 
	Testing step 147 		lambda:  40.77314 	sum squre error 1158.658 
	Testing step 148 		lambda:  28.34519 	sum squre error 1158.658 
	Testing step 149 		lambda:  19.70537 	sum squre error 1158.658 
	Testing step 150 		lambda:  13.69903 	sum squre error 1158.658 
	Testing step 151 		lambda:  9.52347 	sum squre error 1158.658 
	Testing step 152 		lambda:  6.620648 	sum squre error 1158.658 
	Testing step 153 		lambda:  4.602626 	sum squre error 1158.658 
	Testing step 154 		lambda:  3.199713 	sum squre error 1158.658 
	Testing step 155 		lambda:  2.224417 	sum squre error 1158.658 
	Testing step 156 		lambda:  1.546399 	sum squre error 1158.658 
	Testing step 157 		lambda:  1.075045 	sum squre error 1158.658 
	Testing step 158 		lambda:  0.7473638 	sum squre error 1158.658 
	Testing step 159 		lambda:  0.5195619 	sum squre error 1158.919 
	Testing step 160 		lambda:  0.3611957 	sum squre error 1147.366 
Testing alpha 9 / 20 :		alpha:  0.6 
	Testing step 161 		lambda:  361.1957 	sum squre error 1158.658 
	Testing step 162 		lambda:  251.1006 	sum squre error 1158.658 
	Testing step 163 		lambda:  174.5634 	sum squre error 1158.658 
	Testing step 164 		lambda:  121.3552 	sum squre error 1158.658 
	Testing step 165 		lambda:  84.36526 	sum squre error 1158.658 
	Testing step 166 		lambda:  58.65012 	sum squre error 1158.658 
	Testing step 167 		lambda:  40.77314 	sum squre error 1158.658 
	Testing step 168 		lambda:  28.34519 	sum squre error 1158.658 
	Testing step 169 		lambda:  19.70537 	sum squre error 1158.658 
	Testing step 170 		lambda:  13.69903 	sum squre error 1158.658 
	Testing step 171 		lambda:  9.52347 	sum squre error 1158.658 
	Testing step 172 		lambda:  6.620648 	sum squre error 1158.658 
	Testing step 173 		lambda:  4.602626 	sum squre error 1158.658 
	Testing step 174 		lambda:  3.199713 	sum squre error 1158.658 
	Testing step 175 		lambda:  2.224417 	sum squre error 1158.658 
	Testing step 176 		lambda:  1.546399 	sum squre error 1158.658 
	Testing step 177 		lambda:  1.075045 	sum squre error 1158.658 
	Testing step 178 		lambda:  0.7473638 	sum squre error 1158.658 
	Testing step 179 		lambda:  0.5195619 	sum squre error 1158.658 
	Testing step 180 		lambda:  0.3611957 	sum squre error 1146.667 
Testing alpha 10 / 20 :		alpha:  0.55 
	Testing step 181 		lambda:  361.1957 	sum squre error 1158.658 
	Testing step 182 		lambda:  251.1006 	sum squre error 1158.658 
	Testing step 183 		lambda:  174.5634 	sum squre error 1158.658 
	Testing step 184 		lambda:  121.3552 	sum squre error 1158.658 
	Testing step 185 		lambda:  84.36526 	sum squre error 1158.658 
	Testing step 186 		lambda:  58.65012 	sum squre error 1158.658 
	Testing step 187 		lambda:  40.77314 	sum squre error 1158.658 
	Testing step 188 		lambda:  28.34519 	sum squre error 1158.658 
	Testing step 189 		lambda:  19.70537 	sum squre error 1158.658 
	Testing step 190 		lambda:  13.69903 	sum squre error 1158.658 
	Testing step 191 		lambda:  9.52347 	sum squre error 1158.658 
	Testing step 192 		lambda:  6.620648 	sum squre error 1158.658 
	Testing step 193 		lambda:  4.602626 	sum squre error 1158.658 
	Testing step 194 		lambda:  3.199713 	sum squre error 1158.658 
	Testing step 195 		lambda:  2.224417 	sum squre error 1158.658 
	Testing step 196 		lambda:  1.546399 	sum squre error 1158.658 
	Testing step 197 		lambda:  1.075045 	sum squre error 1158.658 
	Testing step 198 		lambda:  0.7473638 	sum squre error 1157.567 
	Testing step 199 		lambda:  0.5195619 	sum squre error 1159.071 
	Testing step 200 		lambda:  0.3611957 	sum squre error 1146.854 
Testing alpha 11 / 20 :		alpha:  0.5 
	Testing step 201 		lambda:  361.1957 	sum squre error 1158.658 
	Testing step 202 		lambda:  251.1006 	sum squre error 1158.658 
	Testing step 203 		lambda:  174.5634 	sum squre error 1158.658 
	Testing step 204 		lambda:  121.3552 	sum squre error 1158.658 
	Testing step 205 		lambda:  84.36526 	sum squre error 1158.658 
	Testing step 206 		lambda:  58.65012 	sum squre error 1158.658 
	Testing step 207 		lambda:  40.77314 	sum squre error 1158.658 
	Testing step 208 		lambda:  28.34519 	sum squre error 1158.658 
	Testing step 209 		lambda:  19.70537 	sum squre error 1158.658 
	Testing step 210 		lambda:  13.69903 	sum squre error 1158.658 
	Testing step 211 		lambda:  9.52347 	sum squre error 1158.658 
	Testing step 212 		lambda:  6.620648 	sum squre error 1158.658 
	Testing step 213 		lambda:  4.602626 	sum squre error 1158.658 
	Testing step 214 		lambda:  3.199713 	sum squre error 1158.658 
	Testing step 215 		lambda:  2.224417 	sum squre error 1158.658 
	Testing step 216 		lambda:  1.546399 	sum squre error 1158.658 
	Testing step 217 		lambda:  1.075045 	sum squre error 1158.658 
	Testing step 218 		lambda:  0.7473638 	sum squre error 1158.658 
	Testing step 219 		lambda:  0.5195619 	sum squre error 1158.658 
	Testing step 220 		lambda:  0.3611957 	sum squre error 1145.632 
Testing alpha 12 / 20 :		alpha:  0.45 
	Testing step 221 		lambda:  361.1957 	sum squre error 1158.658 
	Testing step 222 		lambda:  251.1006 	sum squre error 1158.658 
	Testing step 223 		lambda:  174.5634 	sum squre error 1158.658 
	Testing step 224 		lambda:  121.3552 	sum squre error 1158.658 
	Testing step 225 		lambda:  84.36526 	sum squre error 1158.658 
	Testing step 226 		lambda:  58.65012 	sum squre error 1158.658 
	Testing step 227 		lambda:  40.77314 	sum squre error 1158.658 
	Testing step 228 		lambda:  28.34519 	sum squre error 1158.658 
	Testing step 229 		lambda:  19.70537 	sum squre error 1158.658 
	Testing step 230 		lambda:  13.69903 	sum squre error 1158.658 
	Testing step 231 		lambda:  9.52347 	sum squre error 1158.658 
	Testing step 232 		lambda:  6.620648 	sum squre error 1158.658 
	Testing step 233 		lambda:  4.602626 	sum squre error 1158.658 
	Testing step 234 		lambda:  3.199713 	sum squre error 1158.658 
	Testing step 235 		lambda:  2.224417 	sum squre error 1158.658 
	Testing step 236 		lambda:  1.546399 	sum squre error 1158.658 
	Testing step 237 		lambda:  1.075045 	sum squre error 1158.658 
	Testing step 238 		lambda:  0.7473638 	sum squre error 1158.658 
	Testing step 239 		lambda:  0.5195619 	sum squre error 1154.969 
	Testing step 240 		lambda:  0.3611957 	sum squre error 1144.035 
Testing alpha 13 / 20 :		alpha:  0.4 
	Testing step 241 		lambda:  361.1957 	sum squre error 1158.658 
	Testing step 242 		lambda:  251.1006 	sum squre error 1158.658 
	Testing step 243 		lambda:  174.5634 	sum squre error 1158.658 
	Testing step 244 		lambda:  121.3552 	sum squre error 1158.658 
	Testing step 245 		lambda:  84.36526 	sum squre error 1158.658 
	Testing step 246 		lambda:  58.65012 	sum squre error 1158.658 
	Testing step 247 		lambda:  40.77314 	sum squre error 1158.658 
	Testing step 248 		lambda:  28.34519 	sum squre error 1158.658 
	Testing step 249 		lambda:  19.70537 	sum squre error 1158.658 
	Testing step 250 		lambda:  13.69903 	sum squre error 1158.658 
	Testing step 251 		lambda:  9.52347 	sum squre error 1158.658 
	Testing step 252 		lambda:  6.620648 	sum squre error 1158.658 
	Testing step 253 		lambda:  4.602626 	sum squre error 1158.658 
	Testing step 254 		lambda:  3.199713 	sum squre error 1158.658 
	Testing step 255 		lambda:  2.224417 	sum squre error 1158.658 
	Testing step 256 		lambda:  1.546399 	sum squre error 1158.658 
	Testing step 257 		lambda:  1.075045 	sum squre error 1158.658 
	Testing step 258 		lambda:  0.7473638 	sum squre error 1158.658 
	Testing step 259 		lambda:  0.5195619 	sum squre error 1153.676 
	Testing step 260 		lambda:  0.3611957 	sum squre error 1143.741 
Testing alpha 14 / 20 :		alpha:  0.35 
	Testing step 261 		lambda:  361.1957 	sum squre error 1158.658 
	Testing step 262 		lambda:  251.1006 	sum squre error 1158.658 
	Testing step 263 		lambda:  174.5634 	sum squre error 1158.658 
	Testing step 264 		lambda:  121.3552 	sum squre error 1158.658 
	Testing step 265 		lambda:  84.36526 	sum squre error 1158.658 
	Testing step 266 		lambda:  58.65012 	sum squre error 1158.658 
	Testing step 267 		lambda:  40.77314 	sum squre error 1158.658 
	Testing step 268 		lambda:  28.34519 	sum squre error 1158.658 
	Testing step 269 		lambda:  19.70537 	sum squre error 1158.658 
	Testing step 270 		lambda:  13.69903 	sum squre error 1158.658 
	Testing step 271 		lambda:  9.52347 	sum squre error 1158.658 
	Testing step 272 		lambda:  6.620648 	sum squre error 1158.658 
	Testing step 273 		lambda:  4.602626 	sum squre error 1158.658 
	Testing step 274 		lambda:  3.199713 	sum squre error 1158.658 
	Testing step 275 		lambda:  2.224417 	sum squre error 1158.658 
	Testing step 276 		lambda:  1.546399 	sum squre error 1158.658 
	Testing step 277 		lambda:  1.075045 	sum squre error 1158.658 
	Testing step 278 		lambda:  0.7473638 	sum squre error 1158.658 
	Testing step 279 		lambda:  0.5195619 	sum squre error 1153.276 
	Testing step 280 		lambda:  0.3611957 	sum squre error 1140.698 
Testing alpha 15 / 20 :		alpha:  0.3 
	Testing step 281 		lambda:  361.1957 	sum squre error 1158.658 
	Testing step 282 		lambda:  251.1006 	sum squre error 1158.658 
	Testing step 283 		lambda:  174.5634 	sum squre error 1158.658 
	Testing step 284 		lambda:  121.3552 	sum squre error 1158.658 
	Testing step 285 		lambda:  84.36526 	sum squre error 1158.658 
	Testing step 286 		lambda:  58.65012 	sum squre error 1158.658 
	Testing step 287 		lambda:  40.77314 	sum squre error 1158.658 
	Testing step 288 		lambda:  28.34519 	sum squre error 1158.658 
	Testing step 289 		lambda:  19.70537 	sum squre error 1158.658 
	Testing step 290 		lambda:  13.69903 	sum squre error 1158.658 
	Testing step 291 		lambda:  9.52347 	sum squre error 1158.658 
	Testing step 292 		lambda:  6.620648 	sum squre error 1158.658 
	Testing step 293 		lambda:  4.602626 	sum squre error 1158.658 
	Testing step 294 		lambda:  3.199713 	sum squre error 1158.658 
	Testing step 295 		lambda:  2.224417 	sum squre error 1158.658 
	Testing step 296 		lambda:  1.546399 	sum squre error 1158.658 
	Testing step 297 		lambda:  1.075045 	sum squre error 1158.658 
	Testing step 298 		lambda:  0.7473638 	sum squre error 1159.098 
	Testing step 299 		lambda:  0.5195619 	sum squre error 1152.895 
	Testing step 300 		lambda:  0.3611957 	sum squre error 1139.6 
Testing alpha 16 / 20 :		alpha:  0.25 
	Testing step 301 		lambda:  361.1957 	sum squre error 1158.658 
	Testing step 302 		lambda:  251.1006 	sum squre error 1158.658 
	Testing step 303 		lambda:  174.5634 	sum squre error 1158.658 
	Testing step 304 		lambda:  121.3552 	sum squre error 1158.658 
	Testing step 305 		lambda:  84.36526 	sum squre error 1158.658 
	Testing step 306 		lambda:  58.65012 	sum squre error 1158.658 
	Testing step 307 		lambda:  40.77314 	sum squre error 1158.658 
	Testing step 308 		lambda:  28.34519 	sum squre error 1158.658 
	Testing step 309 		lambda:  19.70537 	sum squre error 1158.658 
	Testing step 310 		lambda:  13.69903 	sum squre error 1158.658 
	Testing step 311 		lambda:  9.52347 	sum squre error 1158.658 
	Testing step 312 		lambda:  6.620648 	sum squre error 1158.658 
	Testing step 313 		lambda:  4.602626 	sum squre error 1158.658 
	Testing step 314 		lambda:  3.199713 	sum squre error 1158.658 
	Testing step 315 		lambda:  2.224417 	sum squre error 1158.658 
	Testing step 316 		lambda:  1.546399 	sum squre error 1158.658 
	Testing step 317 		lambda:  1.075045 	sum squre error 1158.658 
	Testing step 318 		lambda:  0.7473638 	sum squre error 1158.955 
	Testing step 319 		lambda:  0.5195619 	sum squre error 1153.004 
	Testing step 320 		lambda:  0.3611957 	sum squre error 1138.803 
Testing alpha 17 / 20 :		alpha:  0.2 
	Testing step 321 		lambda:  361.1957 	sum squre error 1158.658 
	Testing step 322 		lambda:  251.1006 	sum squre error 1158.658 
	Testing step 323 		lambda:  174.5634 	sum squre error 1158.658 
	Testing step 324 		lambda:  121.3552 	sum squre error 1158.658 
	Testing step 325 		lambda:  84.36526 	sum squre error 1158.658 
	Testing step 326 		lambda:  58.65012 	sum squre error 1158.658 
	Testing step 327 		lambda:  40.77314 	sum squre error 1158.658 
	Testing step 328 		lambda:  28.34519 	sum squre error 1158.658 
	Testing step 329 		lambda:  19.70537 	sum squre error 1158.658 
	Testing step 330 		lambda:  13.69903 	sum squre error 1158.658 
	Testing step 331 		lambda:  9.52347 	sum squre error 1158.658 
	Testing step 332 		lambda:  6.620648 	sum squre error 1158.658 
	Testing step 333 		lambda:  4.602626 	sum squre error 1158.658 
	Testing step 334 		lambda:  3.199713 	sum squre error 1158.658 
	Testing step 335 		lambda:  2.224417 	sum squre error 1158.658 
	Testing step 336 		lambda:  1.546399 	sum squre error 1158.658 
	Testing step 337 		lambda:  1.075045 	sum squre error 1158.658 
	Testing step 338 		lambda:  0.7473638 	sum squre error 1158.658 
	Testing step 339 		lambda:  0.5195619 	sum squre error 1152.407 
	Testing step 340 		lambda:  0.3611957 	sum squre error 1134.576 
Testing alpha 18 / 20 :		alpha:  0.15 
	Testing step 341 		lambda:  361.1957 	sum squre error 1158.658 
	Testing step 342 		lambda:  251.1006 	sum squre error 1158.658 
	Testing step 343 		lambda:  174.5634 	sum squre error 1158.658 
	Testing step 344 		lambda:  121.3552 	sum squre error 1158.658 
	Testing step 345 		lambda:  84.36526 	sum squre error 1158.658 
	Testing step 346 		lambda:  58.65012 	sum squre error 1158.658 
	Testing step 347 		lambda:  40.77314 	sum squre error 1158.658 
	Testing step 348 		lambda:  28.34519 	sum squre error 1158.658 
	Testing step 349 		lambda:  19.70537 	sum squre error 1158.658 
	Testing step 350 		lambda:  13.69903 	sum squre error 1158.658 
	Testing step 351 		lambda:  9.52347 	sum squre error 1158.658 
	Testing step 352 		lambda:  6.620648 	sum squre error 1158.658 
	Testing step 353 		lambda:  4.602626 	sum squre error 1158.658 
	Testing step 354 		lambda:  3.199713 	sum squre error 1158.658 
	Testing step 355 		lambda:  2.224417 	sum squre error 1158.658 
	Testing step 356 		lambda:  1.546399 	sum squre error 1158.658 
	Testing step 357 		lambda:  1.075045 	sum squre error 1155.052 
	Testing step 358 		lambda:  0.7473638 	sum squre error 1158.658 
	Testing step 359 		lambda:  0.5195619 	sum squre error 1151.8 
	Testing step 360 		lambda:  0.3611957 	sum squre error 1132.77 
Testing alpha 19 / 20 :		alpha:  0.1 
	Testing step 361 		lambda:  361.1957 	sum squre error 1158.658 
	Testing step 362 		lambda:  251.1006 	sum squre error 1158.658 
	Testing step 363 		lambda:  174.5634 	sum squre error 1158.658 
	Testing step 364 		lambda:  121.3552 	sum squre error 1158.658 
	Testing step 365 		lambda:  84.36526 	sum squre error 1158.658 
	Testing step 366 		lambda:  58.65012 	sum squre error 1158.658 
	Testing step 367 		lambda:  40.77314 	sum squre error 1158.658 
	Testing step 368 		lambda:  28.34519 	sum squre error 1158.658 
	Testing step 369 		lambda:  19.70537 	sum squre error 1158.658 
	Testing step 370 		lambda:  13.69903 	sum squre error 1158.658 
	Testing step 371 		lambda:  9.52347 	sum squre error 1158.658 
	Testing step 372 		lambda:  6.620648 	sum squre error 1158.658 
	Testing step 373 		lambda:  4.602626 	sum squre error 1158.658 
	Testing step 374 		lambda:  3.199713 	sum squre error 1158.658 
	Testing step 375 		lambda:  2.224417 	sum squre error 1158.658 
	Testing step 376 		lambda:  1.546399 	sum squre error 1158.658 
	Testing step 377 		lambda:  1.075045 	sum squre error 1154.731 
	Testing step 378 		lambda:  0.7473638 	sum squre error 1158.658 
	Testing step 379 		lambda:  0.5195619 	sum squre error 1151.161 
	Testing step 380 		lambda:  0.3611957 	sum squre error 1130.93 
Testing alpha 20 / 20 :		alpha:  0.05 
	Testing step 381 		lambda:  361.1957 	sum squre error 1158.658 
	Testing step 382 		lambda:  251.1006 	sum squre error 1158.658 
	Testing step 383 		lambda:  174.5634 	sum squre error 1158.658 
	Testing step 384 		lambda:  121.3552 	sum squre error 1158.658 
	Testing step 385 		lambda:  84.36526 	sum squre error 1158.658 
	Testing step 386 		lambda:  58.65012 	sum squre error 1158.658 
	Testing step 387 		lambda:  40.77314 	sum squre error 1158.658 
	Testing step 388 		lambda:  28.34519 	sum squre error 1158.658 
	Testing step 389 		lambda:  19.70537 	sum squre error 1158.658 
	Testing step 390 		lambda:  13.69903 	sum squre error 1158.658 
	Testing step 391 		lambda:  9.52347 	sum squre error 1158.658 
	Testing step 392 		lambda:  6.620648 	sum squre error 1158.658 
	Testing step 393 		lambda:  4.602626 	sum squre error 1158.658 
	Testing step 394 		lambda:  3.199713 	sum squre error 1158.658 
	Testing step 395 		lambda:  2.224417 	sum squre error 1158.658 
	Testing step 396 		lambda:  1.546399 	sum squre error 1158.658 
	Testing step 397 		lambda:  1.075045 	sum squre error 1157.617 
	Testing step 398 		lambda:  0.7473638 	sum squre error 1159.073 
	Testing step 399 		lambda:  0.5195619 	sum squre error 1150.399 
	Testing step 400 		lambda:  0.3611957 	sum squre error 1126.673 
Final run 
Quantile normalization 
EB-Elastic Net Linear Model, Epis:  no ; 5 fold cross-validation
Testing alpha 1 / 20 :		alpha:  1 
	Testing step 1 		lambda:  4.643244 	sum squre error 1220.427 
	Testing step 2 		lambda:  3.22795 	sum squre error 1205.309 
	Testing step 3 		lambda:  2.244048 	sum squre error 1189.275 
	Testing step 4 		lambda:  1.560046 	sum squre error 1172.65 
	Testing step 5 		lambda:  1.084533 	sum squre error 1155.845 
	Testing step 6 		lambda:  0.7539592 	sum squre error 1139.314 
	Testing step 7 		lambda:  0.524147 	sum squre error 1148.986 
	Testing step 8 		lambda:  0.3643832 	sum squre error 1239.802 
	Testing step 9 		lambda:  0.2533166 	bases: 2, warning: out of Memory!
bases: 2, out of Memory,exiting program!
bases: 2, warning: out of Memory!
bases: 2, out of Memory,exiting program!
sum squre error 1242.178 
	Testing step 10 		lambda:  0.1761039 	sum squre error 1062.877 
	Testing step 11 		lambda:  0.1224261 	sum squre error 974.6131 
	Testing step 12 		lambda:  0.08510977 	sum squre error 928.6479 
	Testing step 13 		lambda:  0.0591677 	sum squre error 900.5007 
	Testing step 14 		lambda:  0.04113296 	sum squre error 882.7122 
	Testing step 15 		lambda:  0.02859534 	sum squre error 870.8465 
	Testing step 16 		lambda:  0.01987927 	sum squre error 862.7496 
	Testing step 17 		lambda:  0.01381993 	sum squre error 857.1293 
	Testing step 18 		lambda:  0.009607513 	sum squre error 853.176 
	Testing step 19 		lambda:  0.006679074 	sum squre error 850.3608 
	Testing step 20 		lambda:  0.004643244 	sum squre error 848.5631 
Testing alpha 2 / 20 :		alpha:  0.95 
	Testing step 21 		lambda:  4.643244 	sum squre error 1285.27 
	Testing step 22 		lambda:  3.22795 	sum squre error 1273.175 
	Testing step 23 		lambda:  2.244048 	sum squre error 1258.203 
	Testing step 24 		lambda:  1.560046 	sum squre error 1240.269 
	Testing step 25 		lambda:  1.084533 	sum squre error 1219.603 
	Testing step 26 		lambda:  0.7539592 	sum squre error 1196.838 
	Testing step 27 		lambda:  0.524147 	sum squre error 1268.012 
	Testing step 28 		lambda:  0.3643832 	sum squre error 1300.084 
	Testing step 29 		lambda:  0.2533166 	sum squre error 1272.52 
	Testing step 30 		lambda:  0.1761039 	sum squre error 1125.469 
	Testing step 31 		lambda:  0.1224261 	sum squre error 1021.534 
	Testing step 32 		lambda:  0.08510977 	sum squre error 956.8957 
	Testing step 33 		lambda:  0.0591677 	sum squre error 917.0153 
	Testing step 34 		lambda:  0.04113296 	sum squre error 892.533 
	Testing step 35 		lambda:  0.02859534 	sum squre error 876.6023 
	Testing step 36 		lambda:  0.01987927 	sum squre error 865.93 
	Testing step 37 		lambda:  0.01381993 	sum squre error 858.9333 
	Testing step 38 		lambda:  0.009607513 	sum squre error 854.1853 
	Testing step 39 		lambda:  0.006679074 	sum squre error 850.9191 
	Testing step 40 		lambda:  0.004643244 	sum squre error 848.8638 
Testing alpha 3 / 20 :		alpha:  0.9 
	Testing step 41 		lambda:  4.643244 	sum squre error 1299.578 
	Testing step 42 		lambda:  3.22795 	sum squre error 1291.2 
	Testing step 43 		lambda:  2.244048 	sum squre error 1280.213 
	Testing step 44 		lambda:  1.560046 	sum squre error 1266.157 
	Testing step 45 		lambda:  1.084533 	sum squre error 1248.723 
	Testing step 46 		lambda:  0.7539592 	sum squre error 1227.914 
	Testing step 47 		lambda:  0.524147 	sum squre error 1279.45 
	Testing step 48 		lambda:  0.3643832 	sum squre error 1303.872 
	Testing step 49 		lambda:  0.2533166 	sum squre error 1278.87 
	Testing step 50 		lambda:  0.1761039 	sum squre error 1165.043 
	Testing step 51 		lambda:  0.1224261 	sum squre error 1058.958 
	Testing step 52 		lambda:  0.08510977 	sum squre error 983.5461 
	Testing step 53 		lambda:  0.0591677 	sum squre error 934.0949 
	Testing step 54 		lambda:  0.04113296 	sum squre error 902.2709 
	Testing step 55 		lambda:  0.02859534 	sum squre error 882.3177 
	Testing step 56 		lambda:  0.01987927 	sum squre error 869.376 
	Testing step 57 		lambda:  0.01381993 	sum squre error 860.9999 
	Testing step 58 		lambda:  0.009607513 	sum squre error 855.2391 
	Testing step 59 		lambda:  0.006679074 	sum squre error 851.4815 
	Testing step 60 		lambda:  0.004643244 	sum squre error 849.1538 
Testing alpha 4 / 20 :		alpha:  0.85 
	Testing step 61 		lambda:  4.643244 	sum squre error 1305.83 
	Testing step 62 		lambda:  3.22795 	sum squre error 1299.478 
	Testing step 63 		lambda:  2.244048 	sum squre error 1290.921 
	Testing step 64 		lambda:  1.560046 	sum squre error 1279.615 
	Testing step 65 		lambda:  1.084533 	sum squre error 1265.039 
	Testing step 66 		lambda:  0.7539592 	sum squre error 1246.836 
	Testing step 67 		lambda:  0.524147 	sum squre error 1286.503 
	Testing step 68 		lambda:  0.3643832 	sum squre error 1306.085 
	Testing step 69 		lambda:  0.2533166 	sum squre error 1283.839 
	Testing step 70 		lambda:  0.1761039 	sum squre error 1189.697 
	Testing step 71 		lambda:  0.1224261 	sum squre error 1088.507 
	Testing step 72 		lambda:  0.08510977 	sum squre error 1007.223 
	Testing step 73 		lambda:  0.0591677 	sum squre error 949.9302 
	Testing step 74 		lambda:  0.04113296 	sum squre error 912.0177 
	Testing step 75 		lambda:  0.02859534 	sum squre error 888.1293 
	Testing step 76 		lambda:  0.01987927 	sum squre error 872.7382 
	Testing step 77 		lambda:  0.01381993 	sum squre error 862.9032 
	Testing step 78 		lambda:  0.009607513 	sum squre error 856.42 
	Testing step 79 		lambda:  0.006679074 	sum squre error 852.0187 
	Testing step 80 		lambda:  0.004643244 	sum squre error 849.4428 
Testing alpha 5 / 20 :		alpha:  0.8 
	Testing step 81 		lambda:  4.643244 	sum squre error 1309.332 
	Testing step 82 		lambda:  3.22795 	sum squre error 1304.227 
	Testing step 83 		lambda:  2.244048 	sum squre error 1297.242 
	Testing step 84 		lambda:  1.560046 	sum squre error 1287.835 
	Testing step 85 		lambda:  1.084533 	sum squre error 1275.422 
	Testing step 86 		lambda:  0.7539592 	sum squre error 1259.469 
	Testing step 87 		lambda:  0.524147 	sum squre error 1311.531 
	Testing step 88 		lambda:  0.3643832 	sum squre error 1313.523 
	Testing step 89 		lambda:  0.2533166 	sum squre error 1288.006 
	Testing step 90 		lambda:  0.1761039 	sum squre error 1206.499 
	Testing step 91 		lambda:  0.1224261 	sum squre error 1112.207 
	Testing step 92 		lambda:  0.08510977 	sum squre error 1028.745 
	Testing step 93 		lambda:  0.0591677 	sum squre error 964.9856 
	Testing step 94 		lambda:  0.04113296 	sum squre error 921.8129 
	Testing step 95 		lambda:  0.02859534 	sum squre error 893.9756 
	Testing step 96 		lambda:  0.01987927 	sum squre error 876.1471 
	Testing step 97 		lambda:  0.01381993 	sum squre error 864.8348 
	Testing step 98 		lambda:  0.009607513 	sum squre error 857.4863 
	Testing step 99 		lambda:  0.006679074 	sum squre error 852.6799 
	Testing step 100 		lambda:  0.004643244 	sum squre error 849.7173 
Testing alpha 6 / 20 :		alpha:  0.75 
	Testing step 101 		lambda:  4.643244 	sum squre error 1311.572 
	Testing step 102 		lambda:  3.22795 	sum squre error 1307.305 
	Testing step 103 		lambda:  2.244048 	sum squre error 1301.41 
	Testing step 104 		lambda:  1.560046 	sum squre error 1293.371 
	Testing step 105 		lambda:  1.084533 	sum squre error 1282.595 
	Testing step 106 		lambda:  0.7539592 	sum squre error 1298.646 
	Testing step 107 		lambda:  0.524147 	sum squre error 1311.968 
	Testing step 108 		lambda:  0.3643832 	sum squre error 1316.964 
	Testing step 109 		lambda:  0.2533166 	sum squre error 1286.634 
	Testing step 110 		lambda:  0.1761039 	sum squre error 1217.891 
	Testing step 111 		lambda:  0.1224261 	sum squre error 1130.678 
	Testing step 112 		lambda:  0.08510977 	sum squre error 1047.139 
	Testing step 113 		lambda:  0.0591677 	sum squre error 979.2171 
	Testing step 114 		lambda:  0.04113296 	sum squre error 931.5379 
	Testing step 115 		lambda:  0.02859534 	sum squre error 899.8065 
	Testing step 116 		lambda:  0.01987927 	sum squre error 879.5882 
	Testing step 117 		lambda:  0.01381993 	sum squre error 866.7834 
	Testing step 118 		lambda:  0.009607513 	sum squre error 858.5598 
	Testing step 119 		lambda:  0.006679074 	sum squre error 853.2544 
	Testing step 120 		lambda:  0.004643244 	sum squre error 850.0268 
Testing alpha 7 / 20 :		alpha:  0.7 
	Testing step 121 		lambda:  4.643244 	sum squre error 1313.127 
	Testing step 122 		lambda:  3.22795 	sum squre error 1309.463 
	Testing step 123 		lambda:  2.244048 	sum squre error 1304.365 
	Testing step 124 		lambda:  1.560046 	sum squre error 1297.351 
	Testing step 125 		lambda:  1.084533 	sum squre error 1287.844 
	Testing step 126 		lambda:  0.7539592 	sum squre error 1301.143 
	Testing step 127 		lambda:  0.524147 	sum squre error 1312.242 
	Testing step 128 		lambda:  0.3643832 	sum squre error 1315.792 
	Testing step 129 		lambda:  0.2533166 	sum squre error 1291.608 
	Testing step 130 		lambda:  0.1761039 	sum squre error 1226.284 
	Testing step 131 		lambda:  0.1224261 	sum squre error 1145.381 
	Testing step 132 		lambda:  0.08510977 	sum squre error 1063.344 
	Testing step 133 		lambda:  0.0591677 	sum squre error 992.9745 
	Testing step 134 		lambda:  0.04113296 	sum squre error 940.6724 
	Testing step 135 		lambda:  0.02859534 	sum squre error 905.7123 
	Testing step 136 		lambda:  0.01987927 	sum squre error 883.0168 
	Testing step 137 		lambda:  0.01381993 	sum squre error 868.7379 
	Testing step 138 		lambda:  0.009607513 	sum squre error 859.6349 
	Testing step 139 		lambda:  0.006679074 	sum squre error 853.8265 
	Testing step 140 		lambda:  0.004643244 	sum squre error 850.3088 
Testing alpha 8 / 20 :		alpha:  0.65 
	Testing step 141 		lambda:  4.643244 	sum squre error 1314.269 
	Testing step 142 		lambda:  3.22795 	sum squre error 1311.058 
	Testing step 143 		lambda:  2.244048 	sum squre error 1306.568 
	Testing step 144 		lambda:  1.560046 	sum squre error 1300.349 
	Testing step 145 		lambda:  1.084533 	sum squre error 1291.848 
	Testing step 146 		lambda:  0.7539592 	sum squre error 1303.069 
	Testing step 147 		lambda:  0.524147 	sum squre error 1312.406 
	Testing step 148 		lambda:  0.3643832 	sum squre error 1318.738 
	Testing step 149 		lambda:  0.2533166 	sum squre error 1291.774 
	Testing step 150 		lambda:  0.1761039 	sum squre error 1233.01 
	Testing step 151 		lambda:  0.1224261 	sum squre error 1157.188 
	Testing step 152 		lambda:  0.08510977 	sum squre error 1077.171 
	Testing step 153 		lambda:  0.0591677 	sum squre error 1005.383 
	Testing step 154 		lambda:  0.04113296 	sum squre error 949.7487 
	Testing step 155 		lambda:  0.02859534 	sum squre error 911.3677 
	Testing step 156 		lambda:  0.01987927 	sum squre error 886.4238 
	Testing step 157 		lambda:  0.01381993 	sum squre error 870.6876 
	Testing step 158 		lambda:  0.009607513 	sum squre error 860.706 
	Testing step 159 		lambda:  0.006679074 	sum squre error 854.3934 
	Testing step 160 		lambda:  0.004643244 	sum squre error 850.5942 
Testing alpha 9 / 20 :		alpha:  0.6 
	Testing step 161 		lambda:  4.643244 	sum squre error 1315.143 
	Testing step 162 		lambda:  3.22795 	sum squre error 1312.285 
	Testing step 163 		lambda:  2.244048 	sum squre error 1308.273 
	Testing step 164 		lambda:  1.560046 	sum squre error 1302.688 
	Testing step 165 		lambda:  1.084533 	sum squre error 1295.003 
	Testing step 166 		lambda:  0.7539592 	sum squre error 1304.593 
	Testing step 167 		lambda:  0.524147 	sum squre error 1312.491 
	Testing step 168 		lambda:  0.3643832 	sum squre error 1317.713 
	Testing step 169 		lambda:  0.2533166 	sum squre error 1291.73 
	Testing step 170 		lambda:  0.1761039 	sum squre error 1237.826 
	Testing step 171 		lambda:  0.1224261 	sum squre error 1166.782 
	Testing step 172 		lambda:  0.08510977 	sum squre error 1089.13 
	Testing step 173 		lambda:  0.0591677 	sum squre error 1016.461 
	Testing step 174 		lambda:  0.04113296 	sum squre error 958.1219 
	Testing step 175 		lambda:  0.02859534 	sum squre error 916.878 
	Testing step 176 		lambda:  0.01987927 	sum squre error 889.7888 
	Testing step 177 		lambda:  0.01381993 	sum squre error 872.6213 
	Testing step 178 		lambda:  0.009607513 	sum squre error 861.7672 
	Testing step 179 		lambda:  0.006679074 	sum squre error 854.9516 
	Testing step 180 		lambda:  0.004643244 	sum squre error 850.8716 
Testing alpha 10 / 20 :		alpha:  0.55 
	Testing step 181 		lambda:  4.643244 	sum squre error 1315.834 
	Testing step 182 		lambda:  3.22795 	sum squre error 1313.259 
	Testing step 183 		lambda:  2.244048 	sum squre error 1309.632 
	Testing step 184 		lambda:  1.560046 	sum squre error 1304.562 
	Testing step 185 		lambda:  1.084533 	sum squre error 1297.551 
	Testing step 186 		lambda:  0.7539592 	sum squre error 1305.821 
	Testing step 187 		lambda:  0.524147 	sum squre error 1315.4 
	Testing step 188 		lambda:  0.3643832 	sum squre error 1318.01 
	Testing step 189 		lambda:  0.2533166 	sum squre error 1291.426 
	Testing step 190 		lambda:  0.1761039 	sum squre error 1241.443 
	Testing step 191 		lambda:  0.1224261 	sum squre error 1174.627 
	Testing step 192 		lambda:  0.08510977 	sum squre error 1099.54 
	Testing step 193 		lambda:  0.0591677 	sum squre error 1026.532 
	Testing step 194 		lambda:  0.04113296 	sum squre error 966.0569 
	Testing step 195 		lambda:  0.02859534 	sum squre error 922.2155 
	Testing step 196 		lambda:  0.01987927 	sum squre error 893.2027 
	Testing step 197 		lambda:  0.01381993 	sum squre error 874.5276 
	Testing step 198 		lambda:  0.009607513 	sum squre error 862.812 
	Testing step 199 		lambda:  0.006679074 	sum squre error 855.4976 
	Testing step 200 		lambda:  0.004643244 	sum squre error 851.1388 
Testing alpha 11 / 20 :		alpha:  0.5 
	Testing step 201 		lambda:  4.643244 	sum squre error 1316.393 
	Testing step 202 		lambda:  3.22795 	sum squre error 1314.049 
	Testing step 203 		lambda:  2.244048 	sum squre error 1310.739 
	Testing step 204 		lambda:  1.560046 	sum squre error 1306.098 
	Testing step 205 		lambda:  1.084533 	sum squre error 1299.651 
	Testing step 206 		lambda:  0.7539592 	sum squre error 1306.825 
	Testing step 207 		lambda:  0.524147 	sum squre error 1318.834 
	Testing step 208 		lambda:  0.3643832 	sum squre error 1314.816 
	Testing step 209 		lambda:  0.2533166 	sum squre error 1291.025 
	Testing step 210 		lambda:  0.1761039 	sum squre error 1244.212 
	Testing step 211 		lambda:  0.1224261 	sum squre error 1181.06 
	Testing step 212 		lambda:  0.08510977 	sum squre error 1108.449 
	Testing step 213 		lambda:  0.0591677 	sum squre error 1035.969 
	Testing step 214 		lambda:  0.04113296 	sum squre error 973.5807 
	Testing step 215 		lambda:  0.02859534 	sum squre error 927.4171 
	Testing step 216 		lambda:  0.01987927 	sum squre error 896.4181 
	Testing step 217 		lambda:  0.01381993 	sum squre error 876.3944 
	Testing step 218 		lambda:  0.009607513 	sum squre error 863.8334 
	Testing step 219 		lambda:  0.006679074 	sum squre error 856.0272 
	Testing step 220 		lambda:  0.004643244 	sum squre error 851.3934 
Testing alpha 12 / 20 :		alpha:  0.45 
	Testing step 221 		lambda:  4.643244 	sum squre error 1316.855 
	Testing step 222 		lambda:  3.22795 	sum squre error 1314.704 
	Testing step 223 		lambda:  2.244048 	sum squre error 1311.659 
	Testing step 224 		lambda:  1.560046 	sum squre error 1307.379 
	Testing step 225 		lambda:  1.084533 	sum squre error 1301.412 
	Testing step 226 		lambda:  0.7539592 	sum squre error 1307.653 
	Testing step 227 		lambda:  0.524147 	sum squre error 1318.226 
	Testing step 228 		lambda:  0.3643832 	sum squre error 1312.999 
	Testing step 229 		lambda:  0.2533166 	sum squre error 1290.481 
	Testing step 230 		lambda:  0.1761039 	sum squre error 1246.304 
	Testing step 231 		lambda:  0.1224261 	sum squre error 1186.332 
	Testing step 232 		lambda:  0.08510977 	sum squre error 1116.155 
	Testing step 233 		lambda:  0.0591677 	sum squre error 1044.194 
	Testing step 234 		lambda:  0.04113296 	sum squre error 980.5253 
	Testing step 235 		lambda:  0.02859534 	sum squre error 932.329 
	Testing step 236 		lambda:  0.01987927 	sum squre error 899.5284 
	Testing step 237 		lambda:  0.01381993 	sum squre error 878.2085 
	Testing step 238 		lambda:  0.009607513 	sum squre error 864.8234 
	Testing step 239 		lambda:  0.006679074 	sum squre error 856.5356 
	Testing step 240 		lambda:  0.004643244 	sum squre error 851.6325 
Testing alpha 13 / 20 :		alpha:  0.4 
	Testing step 241 		lambda:  4.643244 	sum squre error 1317.243 
	Testing step 242 		lambda:  3.22795 	sum squre error 1315.254 
	Testing step 243 		lambda:  2.244048 	sum squre error 1312.435 
	Testing step 244 		lambda:  1.560046 	sum squre error 1308.463 
	Testing step 245 		lambda:  1.084533 	sum squre error 1302.908 
	Testing step 246 		lambda:  0.7539592 	sum squre error 1308.34 
	Testing step 247 		lambda:  0.524147 	sum squre error 1317.653 
	Testing step 248 		lambda:  0.3643832 	sum squre error 1314.775 
	Testing step 249 		lambda:  0.2533166 	sum squre error 1289.804 
	Testing step 250 		lambda:  0.1761039 	sum squre error 1247.83 
	Testing step 251 		lambda:  0.1224261 	sum squre error 1191.355 
	Testing step 252 		lambda:  0.08510977 	sum squre error 1122.709 
	Testing step 253 		lambda:  0.0591677 	sum squre error 1051.528 
	Testing step 254 		lambda:  0.04113296 	sum squre error 987.1415 
	Testing step 255 		lambda:  0.02859534 	sum squre error 936.9849 
	Testing step 256 		lambda:  0.01987927 	sum squre error 902.5154 
	Testing step 257 		lambda:  0.01381993 	sum squre error 879.9548 
	Testing step 258 		lambda:  0.009607513 	sum squre error 865.74 
	Testing step 259 		lambda:  0.006679074 	sum squre error 857.0171 
	Testing step 260 		lambda:  0.004643244 	sum squre error 851.8526 
Testing alpha 14 / 20 :		alpha:  0.35 
	Testing step 261 		lambda:  4.643244 	sum squre error 1317.572 
	Testing step 262 		lambda:  3.22795 	sum squre error 1315.723 
	Testing step 263 		lambda:  2.244048 	sum squre error 1313.098 
	Testing step 264 		lambda:  1.560046 	sum squre error 1309.392 
	Testing step 265 		lambda:  1.084533 	sum squre error 1304.195 
	Testing step 266 		lambda:  0.7539592 	sum squre error 1313.402 
	Testing step 267 		lambda:  0.524147 	sum squre error 1317.099 
	Testing step 268 		lambda:  0.3643832 	sum squre error 1315.633 
	Testing step 269 		lambda:  0.2533166 	sum squre error 1288.992 
	Testing step 270 		lambda:  0.1761039 	sum squre error 1248.866 
	Testing step 271 		lambda:  0.1224261 	sum squre error 1195.05 
	Testing step 272 		lambda:  0.08510977 	sum squre error 1128.262 
	Testing step 273 		lambda:  0.0591677 	sum squre error 1058.008 
	Testing step 274 		lambda:  0.04113296 	sum squre error 993.1256 
	Testing step 275 		lambda:  0.02859534 	sum squre error 941.6006 
	Testing step 276 		lambda:  0.01987927 	sum squre error 905.3484 
	Testing step 277 		lambda:  0.01381993 	sum squre error 881.6153 
	Testing step 278 		lambda:  0.009607513 	sum squre error 866.6396 
	Testing step 279 		lambda:  0.006679074 	sum squre error 857.4647 
	Testing step 280 		lambda:  0.004643244 	sum squre error 852.0495 
Testing alpha 15 / 20 :		alpha:  0.3 
	Testing step 281 		lambda:  4.643244 	sum squre error 1317.856 
	Testing step 282 		lambda:  3.22795 	sum squre error 1316.128 
	Testing step 283 		lambda:  2.244048 	sum squre error 1313.671 
	Testing step 284 		lambda:  1.560046 	sum squre error 1310.195 
	Testing step 285 		lambda:  1.084533 	sum squre error 1305.312 
	Testing step 286 		lambda:  0.7539592 	sum squre error 1313.494 
	Testing step 287 		lambda:  0.524147 	sum squre error 1316.549 
	Testing step 288 		lambda:  0.3643832 	sum squre error 1314.434 
	Testing step 289 		lambda:  0.2533166 	sum squre error 1288.036 
	Testing step 290 		lambda:  0.1761039 	sum squre error 1249.454 
	Testing step 291 		lambda:  0.1224261 	sum squre error 1197.644 
	Testing step 292 		lambda:  0.08510977 	sum squre error 1132.887 
	Testing step 293 		lambda:  0.0591677 	sum squre error 1063.651 
	Testing step 294 		lambda:  0.04113296 	sum squre error 998.417 
	Testing step 295 		lambda:  0.02859534 	sum squre error 945.6607 
	Testing step 296 		lambda:  0.01987927 	sum squre error 907.9955 
	Testing step 297 		lambda:  0.01381993 	sum squre error 883.154 
	Testing step 298 		lambda:  0.009607513 	sum squre error 867.4725 
	Testing step 299 		lambda:  0.006679074 	sum squre error 857.8695 
	Testing step 300 		lambda:  0.004643244 	sum squre error 852.2177 
Testing alpha 16 / 20 :		alpha:  0.25 
	Testing step 301 		lambda:  4.643244 	sum squre error 1318.103 
	Testing step 302 		lambda:  3.22795 	sum squre error 1316.48 
	Testing step 303 		lambda:  2.244048 	sum squre error 1314.17 
	Testing step 304 		lambda:  1.560046 	sum squre error 1310.897 
	Testing step 305 		lambda:  1.084533 	sum squre error 1306.289 
	Testing step 306 		lambda:  0.7539592 	sum squre error 1318.973 
	Testing step 307 		lambda:  0.524147 	sum squre error 1317.457 
	Testing step 308 		lambda:  0.3643832 	sum squre error 1313.243 
	Testing step 309 		lambda:  0.2533166 	sum squre error 1286.915 
	Testing step 310 		lambda:  0.1761039 	sum squre error 1249.61 
	Testing step 311 		lambda:  0.1224261 	sum squre error 1199.529 
	Testing step 312 		lambda:  0.08510977 	sum squre error 1136.622 
	Testing step 313 		lambda:  0.0591677 	sum squre error 1068.49 
	Testing step 314 		lambda:  0.04113296 	sum squre error 1003.091 
	Testing step 315 		lambda:  0.02859534 	sum squre error 949.3332 
	Testing step 316 		lambda:  0.01987927 	sum squre error 910.4155 
	Testing step 317 		lambda:  0.01381993 	sum squre error 884.5724 
	Testing step 318 		lambda:  0.009607513 	sum squre error 868.22 
	Testing step 319 		lambda:  0.006679074 	sum squre error 858.2196 
	Testing step 320 		lambda:  0.004643244 	sum squre error 852.3499 
Testing alpha 17 / 20 :		alpha:  0.2 
	Testing step 321 		lambda:  4.643244 	sum squre error 1318.318 
	Testing step 322 		lambda:  3.22795 	sum squre error 1316.788 
	Testing step 323 		lambda:  2.244048 	sum squre error 1314.607 
	Testing step 324 		lambda:  1.560046 	sum squre error 1311.514 
	Testing step 325 		lambda:  1.084533 	sum squre error 1307.151 
	Testing step 326 		lambda:  0.7539592 	sum squre error 1318.521 
	Testing step 327 		lambda:  0.524147 	sum squre error 1318.607 
	Testing step 328 		lambda:  0.3643832 	sum squre error 1308.743 
	Testing step 329 		lambda:  0.2533166 	sum squre error 1285.596 
	Testing step 330 		lambda:  0.1761039 	sum squre error 1249.318 
	Testing step 331 		lambda:  0.1224261 	sum squre error 1200.703 
	Testing step 332 		lambda:  0.08510977 	sum squre error 1139.463 
	Testing step 333 		lambda:  0.0591677 	sum squre error 1072.407 
	Testing step 334 		lambda:  0.04113296 	sum squre error 1007.079 
	Testing step 335 		lambda:  0.02859534 	sum squre error 952.5886 
	Testing step 336 		lambda:  0.01987927 	sum squre error 912.5507 
	Testing step 337 		lambda:  0.01381993 	sum squre error 885.8128 
	Testing step 338 		lambda:  0.009607513 	sum squre error 868.8552 
	Testing step 339 		lambda:  0.006679074 	sum squre error 858.4984 
	Testing step 340 		lambda:  0.004643244 	sum squre error 852.4869 
Testing alpha 18 / 20 :		alpha:  0.15 
	Testing step 341 		lambda:  4.643244 	sum squre error 1318.508 
	Testing step 342 		lambda:  3.22795 	sum squre error 1317.059 
	Testing step 343 		lambda:  2.244048 	sum squre error 1314.993 
	Testing step 344 		lambda:  1.560046 	sum squre error 1312.059 
	Testing step 345 		lambda:  1.084533 	sum squre error 1315.69 
	Testing step 346 		lambda:  0.7539592 	sum squre error 1318.048 
	Testing step 347 		lambda:  0.524147 	sum squre error 1319.904 
	Testing step 348 		lambda:  0.3643832 	sum squre error 1308.517 
	Testing step 349 		lambda:  0.2533166 	sum squre error 1284.02 
	Testing step 350 		lambda:  0.1761039 	sum squre error 1248.523 
	Testing step 351 		lambda:  0.1224261 	sum squre error 1201.11 
	Testing step 352 		lambda:  0.08510977 	sum squre error 1141.338 
	Testing step 353 		lambda:  0.0591677 	sum squre error 1075.343 
	Testing step 354 		lambda:  0.04113296 	sum squre error 1010.258 
	Testing step 355 		lambda:  0.02859534 	sum squre error 955.2183 
	Testing step 356 		lambda:  0.01987927 	sum squre error 914.3116 
	Testing step 357 		lambda:  0.01381993 	sum squre error 886.8127 
	Testing step 358 		lambda:  0.009607513 	sum squre error 869.3374 
	Testing step 359 		lambda:  0.006679074 	sum squre error 858.6804 
	Testing step 360 		lambda:  0.004643244 	sum squre error 852.51 
Testing alpha 19 / 20 :		alpha:  0.1 
	Testing step 361 		lambda:  4.643244 	sum squre error 1318.675 
	Testing step 362 		lambda:  3.22795 	sum squre error 1317.298 
	Testing step 363 		lambda:  2.244048 	sum squre error 1315.334 
	Testing step 364 		lambda:  1.560046 	sum squre error 1312.542 
	Testing step 365 		lambda:  1.084533 	sum squre error 1315.732 
	Testing step 366 		lambda:  0.7539592 	sum squre error 1317.533 
	Testing step 367 		lambda:  0.524147 	sum squre error 1319.899 
	Testing step 368 		lambda:  0.3643832 	sum squre error 1307.668 
	Testing step 369 		lambda:  0.2533166 	sum squre error 1282.091 
	Testing step 370 		lambda:  0.1761039 	sum squre error 1247.096 
	Testing step 371 		lambda:  0.1224261 	sum squre error 1200.589 
	Testing step 372 		lambda:  0.08510977 	sum squre error 1142.052 
	Testing step 373 		lambda:  0.0591677 	sum squre error 1077.07 
	Testing step 374 		lambda:  0.04113296 	sum squre error 1012.392 
	Testing step 375 		lambda:  0.02859534 	sum squre error 957.2 
	Testing step 376 		lambda:  0.01987927 	sum squre error 915.54 
	Testing step 377 		lambda:  0.01381993 	sum squre error 887.4628 
	Testing step 378 		lambda:  0.009607513 	sum squre error 869.5963 
	Testing step 379 		lambda:  0.006679074 	sum squre error 858.7232 
	Testing step 380 		lambda:  0.004643244 	sum squre error 852.4629 
Testing alpha 20 / 20 :		alpha:  0.05 
	Testing step 381 		lambda:  4.643244 	sum squre error 1318.82 
	Testing step 382 		lambda:  3.22795 	sum squre error 1317.508 
	Testing step 383 		lambda:  2.244048 	sum squre error 1315.634 
	Testing step 384 		lambda:  1.560046 	sum squre error 1312.965 
	Testing step 385 		lambda:  1.084533 	sum squre error 1315.724 
	Testing step 386 		lambda:  0.7539592 	sum squre error 1318.408 
	Testing step 387 		lambda:  0.524147 	sum squre error 1319.451 
	Testing step 388 		lambda:  0.3643832 	sum squre error 1305.345 
	Testing step 389 		lambda:  0.2533166 	sum squre error 1279.625 
	Testing step 390 		lambda:  0.1761039 	sum squre error 1244.754 
	Testing step 391 		lambda:  0.1224261 	sum squre error 1198.74 
	Testing step 392 		lambda:  0.08510977 	sum squre error 1141.096 
	Testing step 393 		lambda:  0.0591677 	sum squre error 1077.017 
	Testing step 394 		lambda:  0.04113296 	sum squre error 1012.922 
	Testing step 395 		lambda:  0.02859534 	sum squre error 957.6505 
	Testing step 396 		lambda:  0.01987927 	sum squre error 915.887 
	Testing step 397 		lambda:  0.01381993 	sum squre error 887.5281 
	Testing step 398 		lambda:  0.009607513 	sum squre error 869.4855 
	Testing step 399 		lambda:  0.006679074 	sum squre error 858.5376 
	Testing step 400 		lambda:  0.004643244 	sum squre error 852.2731 
Ouput the final result including main and epistatic effect 
Done!